This is LuaHBTeX, Version 1.14.0 (TeX Live 2022/dev/Debian)  (format=lualatex 2022.5.15)  22 AUG 2022 14:17
 system commands enabled.
**\def\tikzexternalrealjob{main}\input{main}
Lua module: luaotfload 2021-05-21 3.18 Lua based OpenType font support
Lua module: lualibs 2021-05-20 2.74 ConTeXt Lua standard libraries.
Lua module: lualibs-extended 2021-05-20 2.74 ConTeXt Lua libraries -- extended collection.
luaotfload | conf : Root cache directory is "/home/hlavatka/.texlive2021/texmf-var/luatex-cache/generic/names".
luaotfload | init : Loading fontloader "fontloader-2021-05-20.lua" from kpse-resolved path "/usr/share/texlive/texmf-dist/tex/luatex/luaotfload/fontloader-2021-05-20.lua".
Lua-only attribute luaotfload@noligature = 1
Lua-only attribute luaotfload@syllabe = 2
luaotfload | init : Context OpenType loader version 3.116
Inserting `luaotfload.node_processor' at position 1 in `pre_linebreak_filter'.
Inserting `luaotfload.node_processor' at position 1 in `hpack_filter'.
Inserting `luaotfload.glyph_stream' at position 1 in `glyph_stream_provider'.
Inserting `luaotfload.define_font' at position 1 in `define_font'.
Lua-only attribute luaotfload_color_attribute = 3
luaotfload | conf : Root cache directory is "/home/hlavatka/.texlive2021/texmf-var/luatex-cache/generic/names".
Inserting `luaotfload.harf.strip_prefix' at position 1 in `find_opentype_file'.
Inserting `luaotfload.harf.strip_prefix' at position 1 in `find_truetype_file'.
Inserting `luaotfload.harf.finalize_vlist' at position 1 in `post_linebreak_filter'.
Inserting `luaotfload.harf.finalize_hlist' at position 2 in `hpack_filter'.
Inserting `luaotfload.cleanup_files' at position 1 in `wrapup_run'.
Inserting `luaotfload.harf.finalize_unicode' at position 1 in `finish_pdffile'.
Inserting `luaotfload.glyphinfo' at position 1 in `glyph_info'.
Lua-only attribute luaotfload.letterspace_done = 4
Inserting `luaotfload.aux.set_sscale_dimens' at position 1 in `luaotfload.patch_font'.
Inserting `luaotfload.aux.set_font_index' at position 2 in `luaotfload.patch_font'.
Inserting `luaotfload.aux.patch_cambria_domh' at position 3 in `luaotfload.patch_font'.
Inserting `luaotfload.aux.fixup_fontdata' at position 1 in `luaotfload.patch_font_unsafe'.
Inserting `luaotfload.aux.set_capheight' at position 4 in `luaotfload.patch_font'.
Inserting `luaotfload.aux.set_xheight' at position 5 in `luaotfload.patch_font'.
Inserting `luaotfload.rewrite_fontname' at position 6 in `luaotfload.patch_font'.
Inserting `tracingstacklevels' at position 1 in `input_level_string'.
(./main.tex (/usr/share/texlive/texmf-dist/tex/latex/elsarticle/elsarticle.cls
Document Class: elsarticle 2020/11/20, 3.3: Elsevier Ltd
(/usr/share/texlive/texmf-dist/tex/latex/l3kernel/expl3.sty
Package: expl3 2022-01-21 L3 programming layer (loader) 
(/usr/share/texlive/texmf-dist/tex/latex/l3backend/l3backend-luatex.def
File: l3backend-luatex.def 2022-01-12 L3 backend support: PDF output (LuaTeX)
\l__color_backend_stack_int=\count183
\l__pdf_internal_box=\box50
)) (/usr/share/texlive/texmf-dist/tex/latex/l3packages/xparse/xparse.sty
Package: xparse 2022-01-12 L3 Experimental document command parser
) (/usr/share/texlive/texmf-dist/tex/latex/etoolbox/etoolbox.sty
Package: etoolbox 2020/10/05 v2.5k e-TeX tools for LaTeX (JAW)
\etb@tempcnta=\count184
)
\@bls=\dimen137
(/usr/share/texlive/texmf-dist/tex/latex/base/article.cls
Document Class: article 2021/10/04 v1.4n Standard LaTeX document class
(/usr/share/texlive/texmf-dist/tex/latex/base/size10.clo
File: size10.clo 2021/10/04 v1.4n Standard LaTeX file (size option)
luaotfload | db : Font names database loaded from /home/hlavatka/.texlive2021/te
xmf-var/luatex-cache/generic/names/luaotfload-names.luc)
\c@part=\count185
\c@section=\count186
\c@subsection=\count187
\c@subsubsection=\count188
\c@paragraph=\count189
\c@subparagraph=\count190
\c@figure=\count191
\c@table=\count192
\abovecaptionskip=\skip47
\belowcaptionskip=\skip48
\bibindent=\dimen138
) (/usr/share/texlive/texmf-dist/tex/latex/graphics/graphicx.sty
Package: graphicx 2021/09/16 v1.2d Enhanced LaTeX Graphics (DPC,SPQR)
(/usr/share/texlive/texmf-dist/tex/latex/graphics/keyval.sty
Package: keyval 2014/10/28 v1.15 key=value parser (DPC)
\KV@toks@=\toks16
) (/usr/share/texlive/texmf-dist/tex/latex/graphics/graphics.sty
Package: graphics 2021/03/04 v1.4d Standard LaTeX Graphics (DPC,SPQR)
(/usr/share/texlive/texmf-dist/tex/latex/graphics/trig.sty
Package: trig 2021/08/11 v1.11 sin cos tan (DPC)
) (/usr/share/texlive/texmf-dist/tex/latex/graphics-cfg/graphics.cfg
File: graphics.cfg 2016/06/04 v1.11 sample graphics configuration
)
Package graphics Info: Driver file: luatex.def on input line 107.
(/usr/share/texlive/texmf-dist/tex/latex/graphics-def/luatex.def
File: luatex.def 2021/06/01 v1.2c Graphics/color driver for luatex
))
\Gin@req@height=\dimen139
\Gin@req@width=\dimen140
)
\c@tnote=\count193
\c@fnote=\count194
\c@cnote=\count195
\c@ead=\count196
\c@author=\count197
\@eadauthor=\toks17
\c@affn=\count198
\absbox=\box51
\elsarticlehighlightsbox=\box52
\elsarticlegrabsbox=\box53
\keybox=\box54
\Columnwidth=\dimen141
\space@left=\dimen142
\els@boxa=\box55
\els@boxb=\box56
\leftMargin=\dimen143
\@enLab=\toks18
\@sep=\skip49
\@@sep=\skip50
(./figures/main-figure21.spl) (/usr/share/texlive/texmf-dist/tex/latex/natbib/n
atbib.sty
Package: natbib 2010/09/13 8.31b (PWD, AO)
\bibhang=\skip51
\bibsep=\skip52
LaTeX Info: Redefining \cite on input line 694.
\c@NAT@ctr=\count199
)
\splwrite=\write3

\openout3 = figures/main-figure21.spl
\appnamewidth=\dimen144
) (/usr/share/texlive/texmf-dist/tex/latex/lineno/lineno.sty
Package: lineno 2005/11/02 line numbers on paragraphs v4.41
\linenopenalty=\count266
\output=\toks19
\linenoprevgraf=\count267
\linenumbersep=\dimen145
\linenumberwidth=\dimen146
\c@linenumber=\count268
\c@pagewiselinenumber=\count269
\c@LN@truepage=\count270
\c@internallinenumber=\count271
\c@internallinenumbers=\count272
\quotelinenumbersep=\dimen147
\bframerule=\dimen148
\bframesep=\dimen149
\bframebox=\box57
LaTeX Info: Redefining \\ on input line 3056.
) (/usr/share/texlive/texmf-dist/tex/latex/hyperref/hyperref.sty
Package: hyperref 2021-06-07 v7.00m Hypertext links for LaTeX
(/usr/share/texlive/texmf-dist/tex/generic/ltxcmds/ltxcmds.sty
Package: ltxcmds 2020-05-10 v1.25 LaTeX kernel commands for general use (HO)
) (/usr/share/texlive/texmf-dist/tex/generic/iftex/iftex.sty
Package: iftex 2020/03/06 v1.0d TeX engine tests
) (/usr/share/texlive/texmf-dist/tex/generic/pdftexcmds/pdftexcmds.sty
Package: pdftexcmds 2020-06-27 v0.33 Utility functions of pdfTeX for LuaTeX (HO
)
(/usr/share/texlive/texmf-dist/tex/generic/infwarerr/infwarerr.sty
Package: infwarerr 2019/12/03 v1.5 Providing info/warning/error messages (HO)
)
Package pdftexcmds Info: \pdf@primitive is available.
Package pdftexcmds Info: \pdf@ifprimitive is available.
Package pdftexcmds Info: \pdfdraftmode found.
\pdftexcmds@toks=\toks20
) (/usr/share/texlive/texmf-dist/tex/generic/kvsetkeys/kvsetkeys.sty
Package: kvsetkeys 2019/12/15 v1.18 Key value parser (HO)
) (/usr/share/texlive/texmf-dist/tex/generic/kvdefinekeys/kvdefinekeys.sty
Package: kvdefinekeys 2019-12-19 v1.6 Define keys (HO)
) (/usr/share/texlive/texmf-dist/tex/generic/pdfescape/pdfescape.sty
Package: pdfescape 2019/12/09 v1.15 Implements pdfTeX's escape features (HO)
) (/usr/share/texlive/texmf-dist/tex/latex/hycolor/hycolor.sty
Package: hycolor 2020-01-27 v1.10 Color options for hyperref/bookmark (HO)
) (/usr/share/texlive/texmf-dist/tex/latex/letltxmacro/letltxmacro.sty
Package: letltxmacro 2019/12/03 v1.6 Let assignment for LaTeX macros (HO)
) (/usr/share/texlive/texmf-dist/tex/latex/auxhook/auxhook.sty
Package: auxhook 2019-12-17 v1.6 Hooks for auxiliary files (HO)
) (/usr/share/texlive/texmf-dist/tex/latex/kvoptions/kvoptions.sty
Package: kvoptions 2020-10-07 v3.14 Key value format for package options (HO)
)
\@linkdim=\dimen150
\Hy@linkcounter=\count273
\Hy@pagecounter=\count274
(/usr/share/texlive/texmf-dist/tex/latex/hyperref/pd1enc.def
File: pd1enc.def 2021-06-07 v7.00m Hyperref: PDFDocEncoding definition (HO)
) (/usr/share/texlive/texmf-dist/tex/latex/hyperref/hyperref-langpatches.def
File: hyperref-langpatches.def 2021-06-07 v7.00m Hyperref: patches for babel la
nguages
) (/usr/share/texlive/texmf-dist/tex/generic/intcalc/intcalc.sty
Package: intcalc 2019/12/15 v1.3 Expandable calculations with integers (HO)
) (/usr/share/texlive/texmf-dist/tex/generic/etexcmds/etexcmds.sty
Package: etexcmds 2019/12/15 v1.7 Avoid name clashes with e-TeX commands (HO)
)
\Hy@SavedSpaceFactor=\count275
(/usr/share/texlive/texmf-dist/tex/latex/hyperref/puenc.def
File: puenc.def 2021-06-07 v7.00m Hyperref: PDF Unicode definition (HO)
)
Package hyperref Info: Hyper figures OFF on input line 4192.
Package hyperref Info: Link nesting OFF on input line 4197.
Package hyperref Info: Hyper index ON on input line 4200.
Package hyperref Info: Plain pages OFF on input line 4207.
Package hyperref Info: Backreferencing OFF on input line 4212.
Package hyperref Info: Implicit mode ON; LaTeX internals redefined.
Package hyperref Info: Bookmarks ON on input line 4445.
\c@Hy@tempcnt=\count276
(/usr/share/texlive/texmf-dist/tex/latex/url/url.sty
\Urlmuskip=\muskip16
Package: url 2013/09/16  ver 3.4  Verb mode for urls, etc.
)
LaTeX Info: Redefining \url on input line 4804.
\XeTeXLinkMargin=\dimen151
(/usr/share/texlive/texmf-dist/tex/generic/bitset/bitset.sty
Package: bitset 2019/12/09 v1.3 Handle bit-vector datatype (HO)
(/usr/share/texlive/texmf-dist/tex/generic/bigintcalc/bigintcalc.sty
Package: bigintcalc 2019/12/15 v1.5 Expandable calculations on big integers (HO
)
))
\Fld@menulength=\count277
\Field@Width=\dimen152
\Fld@charsize=\dimen153
Package hyperref Info: Hyper figures OFF on input line 6076.
Package hyperref Info: Link nesting OFF on input line 6081.
Package hyperref Info: Hyper index ON on input line 6084.
Package hyperref Info: backreferencing OFF on input line 6091.
Package hyperref Info: Link coloring OFF on input line 6096.
Package hyperref Info: Link coloring with OCG OFF on input line 6101.
Package hyperref Info: PDF/A mode OFF on input line 6106.
LaTeX Info: Redefining \ref on input line 6146.
LaTeX Info: Redefining \pageref on input line 6150.
(/usr/share/texlive/texmf-dist/tex/latex/base/atbegshi-ltx.sty
Package: atbegshi-ltx 2021/01/10 v1.0c Emulation of the original atbegshi
package with kernel methods
)
\Hy@abspage=\count278
\c@Item=\count279
\c@Hfootnote=\count280
)
Package hyperref Info: Driver (autodetected): hluatex.
(/usr/share/texlive/texmf-dist/tex/latex/hyperref/hluatex.def
File: hluatex.def 2021-06-07 v7.00m Hyperref driver for luaTeX
(/usr/share/texlive/texmf-dist/tex/generic/stringenc/stringenc.sty
Package: stringenc 2019/11/29 v1.12 Convert strings between diff. encodings (HO
)
) (/usr/share/texlive/texmf-dist/tex/latex/base/atveryend-ltx.sty
Package: atveryend-ltx 2020/08/19 v1.0a Emulation of the original atveryend pac
kage
with kernel methods
)
\Fld@listcount=\count281
\c@bookmark@seq@number=\count282
(/usr/share/texlive/texmf-dist/tex/latex/rerunfilecheck/rerunfilecheck.sty
Package: rerunfilecheck 2019/12/05 v1.9 Rerun checks for auxiliary files (HO)
(/usr/share/texlive/texmf-dist/tex/generic/uniquecounter/uniquecounter.sty
Package: uniquecounter 2019/12/15 v1.4 Provide unlimited unique counter (HO)
)
Package uniquecounter Info: New unique counter `rerunfilecheck' on input line 2
86.
)
\Hy@SectionHShift=\skip53
) (/usr/share/texlive/texmf-dist/tex/latex/xcolor/xcolor.sty
Package: xcolor 2021/10/31 v2.13 LaTeX color extensions (UK)
(/usr/share/texlive/texmf-dist/tex/latex/graphics-cfg/color.cfg
File: color.cfg 2016/01/02 v1.6 sample color configuration
)
Package xcolor Info: Driver file: luatex.def on input line 227.
Package xcolor Info: Model `cmy' substituted by `cmy0' on input line 1352.
Package xcolor Info: Model `hsb' substituted by `rgb' on input line 1356.
Package xcolor Info: Model `RGB' extended on input line 1368.
Package xcolor Info: Model `HTML' substituted by `rgb' on input line 1370.
Package xcolor Info: Model `Hsb' substituted by `hsb' on input line 1371.
Package xcolor Info: Model `tHsb' substituted by `hsb' on input line 1372.
Package xcolor Info: Model `HSB' substituted by `hsb' on input line 1373.
Package xcolor Info: Model `Gray' substituted by `gray' on input line 1374.
Package xcolor Info: Model `wave' substituted by `hsb' on input line 1375.
(/usr/share/texlive/texmf-dist/tex/latex/graphics/dvipsnam.def
File: dvipsnam.def 2016/06/17 v3.0m Driver-dependent file (DPC,SPQR)
)) (/usr/share/texlive/texmf-dist/tex/latex/adjustbox/adjustbox.sty
Package: adjustbox 2020/08/19 v1.3 Adjusting TeX boxes (trim, clip, ...)
(/usr/share/texlive/texmf-dist/tex/latex/xkeyval/xkeyval.sty
Package: xkeyval 2020/11/20 v2.8 package option processing (HA)
(/usr/share/texlive/texmf-dist/tex/generic/xkeyval/xkeyval.tex (/usr/share/texl
ive/texmf-dist/tex/generic/xkeyval/xkvutils.tex
\XKV@toks=\toks21
\XKV@tempa@toks=\toks22
)
\XKV@depth=\count283
File: xkeyval.tex 2014/12/03 v2.7a key=value parser (HA)
)) (/usr/share/texlive/texmf-dist/tex/latex/adjustbox/adjcalc.sty
Package: adjcalc 2012/05/16 v1.1 Provides advanced setlength with multiple back
-ends (calc, etex, pgfmath)
) (/usr/share/texlive/texmf-dist/tex/latex/adjustbox/trimclip.sty
Package: trimclip 2020/08/19 v1.2 Trim and clip general TeX material
(/usr/share/texlive/texmf-dist/tex/latex/collectbox/collectbox.sty
Package: collectbox 2012/05/17 v0.4b Collect macro arguments as boxes
\collectedbox=\box58
)
\tc@llx=\dimen154
\tc@lly=\dimen155
\tc@urx=\dimen156
\tc@ury=\dimen157
(/usr/share/texlive/texmf-dist/tex/latex/adjustbox/tc-pgf.def
File: tc-pgf.def 2019/01/04 v2.2 trimclip fall-back clipping driver using PGF
(/usr/share/texlive/texmf-dist/tex/latex/pgf/basiclayer/pgf.sty (/usr/share/tex
live/texmf-dist/tex/latex/pgf/utilities/pgfrcs.sty (/usr/share/texlive/texmf-di
st/tex/generic/pgf/utilities/pgfutil-common.tex
\pgfutil@everybye=\toks23
\pgfutil@tempdima=\dimen158
\pgfutil@tempdimb=\dimen159

(/usr/share/texlive/texmf-dist/tex/generic/pgf/utilities/pgfutil-common-lists.t
ex)) (/usr/share/texlive/texmf-dist/tex/generic/pgf/utilities/pgfutil-latex.def
\pgfutil@abb=\box59
) (/usr/share/texlive/texmf-dist/tex/generic/pgf/utilities/pgfrcs.code.tex (/us
r/share/texlive/texmf-dist/tex/generic/pgf/pgf.revision.tex)
Package: pgfrcs 2021/05/15 v3.1.9a (3.1.9a)
))
Package: pgf 2021/05/15 v3.1.9a (3.1.9a)
(/usr/share/texlive/texmf-dist/tex/latex/pgf/basiclayer/pgfcore.sty (/usr/share
/texlive/texmf-dist/tex/latex/pgf/systemlayer/pgfsys.sty (/usr/share/texlive/te
xmf-dist/tex/generic/pgf/systemlayer/pgfsys.code.tex
Package: pgfsys 2021/05/15 v3.1.9a (3.1.9a)
(/usr/share/texlive/texmf-dist/tex/generic/pgf/utilities/pgfkeys.code.tex
\pgfkeys@pathtoks=\toks24
\pgfkeys@temptoks=\toks25

(/usr/share/texlive/texmf-dist/tex/generic/pgf/utilities/pgfkeysfiltered.code.t
ex
\pgfkeys@tmptoks=\toks26
))
\pgf@x=\dimen160
\pgf@y=\dimen161
\pgf@xa=\dimen162
\pgf@ya=\dimen163
\pgf@xb=\dimen164
\pgf@yb=\dimen165
\pgf@xc=\dimen166
\pgf@yc=\dimen167
\pgf@xd=\dimen168
\pgf@yd=\dimen169
\w@pgf@writea=\write4
\r@pgf@reada=\read2
\c@pgf@counta=\count284
\c@pgf@countb=\count285
\c@pgf@countc=\count286
\c@pgf@countd=\count287
\t@pgf@toka=\toks27
\t@pgf@tokb=\toks28
\t@pgf@tokc=\toks29
\pgf@sys@id@count=\count288
(/usr/share/texlive/texmf-dist/tex/generic/pgf/systemlayer/pgf.cfg
File: pgf.cfg 2021/05/15 v3.1.9a (3.1.9a)
)
Driver file for pgf: pgfsys-luatex.def
(/usr/share/texlive/texmf-dist/tex/generic/pgf/systemlayer/pgfsys-luatex.def
File: pgfsys-luatex.def 2021/05/15 v3.1.9a (3.1.9a)

(/usr/share/texlive/texmf-dist/tex/generic/pgf/systemlayer/pgfsys-common-pdf.de
f
File: pgfsys-common-pdf.def 2021/05/15 v3.1.9a (3.1.9a)
)))
(/usr/share/texlive/texmf-dist/tex/generic/pgf/systemlayer/pgfsyssoftpath.code.
tex
File: pgfsyssoftpath.code.tex 2021/05/15 v3.1.9a (3.1.9a)
\pgfsyssoftpath@smallbuffer@items=\count289
\pgfsyssoftpath@bigbuffer@items=\count290
)
(/usr/share/texlive/texmf-dist/tex/generic/pgf/systemlayer/pgfsysprotocol.code.
tex
File: pgfsysprotocol.code.tex 2021/05/15 v3.1.9a (3.1.9a)
)) (/usr/share/texlive/texmf-dist/tex/generic/pgf/basiclayer/pgfcore.code.tex
Package: pgfcore 2021/05/15 v3.1.9a (3.1.9a)
(/usr/share/texlive/texmf-dist/tex/generic/pgf/math/pgfmath.code.tex (/usr/shar
e/texlive/texmf-dist/tex/generic/pgf/math/pgfmathcalc.code.tex (/usr/share/texl
ive/texmf-dist/tex/generic/pgf/math/pgfmathutil.code.tex) (/usr/share/texlive/t
exmf-dist/tex/generic/pgf/math/pgfmathparser.code.tex
\pgfmath@dimen=\dimen170
\pgfmath@count=\count291
\pgfmath@box=\box60
\pgfmath@toks=\toks30
\pgfmath@stack@operand=\toks31
\pgfmath@stack@operation=\toks32
) (/usr/share/texlive/texmf-dist/tex/generic/pgf/math/pgfmathfunctions.code.tex

(/usr/share/texlive/texmf-dist/tex/generic/pgf/math/pgfmathfunctions.basic.code
.tex)
(/usr/share/texlive/texmf-dist/tex/generic/pgf/math/pgfmathfunctions.trigonomet
ric.code.tex)
(/usr/share/texlive/texmf-dist/tex/generic/pgf/math/pgfmathfunctions.random.cod
e.tex)
(/usr/share/texlive/texmf-dist/tex/generic/pgf/math/pgfmathfunctions.comparison
.code.tex)
(/usr/share/texlive/texmf-dist/tex/generic/pgf/math/pgfmathfunctions.base.code.
tex)
(/usr/share/texlive/texmf-dist/tex/generic/pgf/math/pgfmathfunctions.round.code
.tex)
(/usr/share/texlive/texmf-dist/tex/generic/pgf/math/pgfmathfunctions.misc.code.
tex)
(/usr/share/texlive/texmf-dist/tex/generic/pgf/math/pgfmathfunctions.integerari
thmetics.code.tex))) (/usr/share/texlive/texmf-dist/tex/generic/pgf/math/pgfmat
hfloat.code.tex
\c@pgfmathroundto@lastzeros=\count292
)) (/usr/share/texlive/texmf-dist/tex/generic/pgf/math/pgfint.code.tex)
(/usr/share/texlive/texmf-dist/tex/generic/pgf/basiclayer/pgfcorepoints.code.te
x
File: pgfcorepoints.code.tex 2021/05/15 v3.1.9a (3.1.9a)
\pgf@picminx=\dimen171
\pgf@picmaxx=\dimen172
\pgf@picminy=\dimen173
\pgf@picmaxy=\dimen174
\pgf@pathminx=\dimen175
\pgf@pathmaxx=\dimen176
\pgf@pathminy=\dimen177
\pgf@pathmaxy=\dimen178
\pgf@xx=\dimen179
\pgf@xy=\dimen180
\pgf@yx=\dimen181
\pgf@yy=\dimen182
\pgf@zx=\dimen183
\pgf@zy=\dimen184
)
(/usr/share/texlive/texmf-dist/tex/generic/pgf/basiclayer/pgfcorepathconstruct.
code.tex
File: pgfcorepathconstruct.code.tex 2021/05/15 v3.1.9a (3.1.9a)
\pgf@path@lastx=\dimen185
\pgf@path@lasty=\dimen186
)
(/usr/share/texlive/texmf-dist/tex/generic/pgf/basiclayer/pgfcorepathusage.code
.tex
File: pgfcorepathusage.code.tex 2021/05/15 v3.1.9a (3.1.9a)
\pgf@shorten@end@additional=\dimen187
\pgf@shorten@start@additional=\dimen188
)
(/usr/share/texlive/texmf-dist/tex/generic/pgf/basiclayer/pgfcorescopes.code.te
x
File: pgfcorescopes.code.tex 2021/05/15 v3.1.9a (3.1.9a)
\pgfpic=\box61
\pgf@hbox=\box62
\pgf@layerbox@main=\box63
\pgf@picture@serial@count=\count293
)
(/usr/share/texlive/texmf-dist/tex/generic/pgf/basiclayer/pgfcoregraphicstate.c
ode.tex
File: pgfcoregraphicstate.code.tex 2021/05/15 v3.1.9a (3.1.9a)
\pgflinewidth=\dimen189
)
(/usr/share/texlive/texmf-dist/tex/generic/pgf/basiclayer/pgfcoretransformation
s.code.tex
File: pgfcoretransformations.code.tex 2021/05/15 v3.1.9a (3.1.9a)
\pgf@pt@x=\dimen190
\pgf@pt@y=\dimen191
\pgf@pt@temp=\dimen192
)
(/usr/share/texlive/texmf-dist/tex/generic/pgf/basiclayer/pgfcorequick.code.tex
File: pgfcorequick.code.tex 2021/05/15 v3.1.9a (3.1.9a)
)
(/usr/share/texlive/texmf-dist/tex/generic/pgf/basiclayer/pgfcoreobjects.code.t
ex
File: pgfcoreobjects.code.tex 2021/05/15 v3.1.9a (3.1.9a)
)
(/usr/share/texlive/texmf-dist/tex/generic/pgf/basiclayer/pgfcorepathprocessing
.code.tex
File: pgfcorepathprocessing.code.tex 2021/05/15 v3.1.9a (3.1.9a)
)
(/usr/share/texlive/texmf-dist/tex/generic/pgf/basiclayer/pgfcorearrows.code.te
x
File: pgfcorearrows.code.tex 2021/05/15 v3.1.9a (3.1.9a)
\pgfarrowsep=\dimen193
)
(/usr/share/texlive/texmf-dist/tex/generic/pgf/basiclayer/pgfcoreshade.code.tex
File: pgfcoreshade.code.tex 2021/05/15 v3.1.9a (3.1.9a)
\pgf@max=\dimen194
\pgf@sys@shading@range@num=\count294
\pgf@shadingcount=\count295
)
(/usr/share/texlive/texmf-dist/tex/generic/pgf/basiclayer/pgfcoreimage.code.tex
File: pgfcoreimage.code.tex 2021/05/15 v3.1.9a (3.1.9a)

(/usr/share/texlive/texmf-dist/tex/generic/pgf/basiclayer/pgfcoreexternal.code.
tex
File: pgfcoreexternal.code.tex 2021/05/15 v3.1.9a (3.1.9a)
\pgfexternal@startupbox=\box64
))
(/usr/share/texlive/texmf-dist/tex/generic/pgf/basiclayer/pgfcorelayers.code.te
x
File: pgfcorelayers.code.tex 2021/05/15 v3.1.9a (3.1.9a)
)
(/usr/share/texlive/texmf-dist/tex/generic/pgf/basiclayer/pgfcoretransparency.c
ode.tex
File: pgfcoretransparency.code.tex 2021/05/15 v3.1.9a (3.1.9a)
)
(/usr/share/texlive/texmf-dist/tex/generic/pgf/basiclayer/pgfcorepatterns.code.
tex
File: pgfcorepatterns.code.tex 2021/05/15 v3.1.9a (3.1.9a)
) (/usr/share/texlive/texmf-dist/tex/generic/pgf/basiclayer/pgfcorerdf.code.tex
File: pgfcorerdf.code.tex 2021/05/15 v3.1.9a (3.1.9a)
)))
(/usr/share/texlive/texmf-dist/tex/generic/pgf/modules/pgfmoduleshapes.code.tex
File: pgfmoduleshapes.code.tex 2021/05/15 v3.1.9a (3.1.9a)
\pgfnodeparttextbox=\box65
) (/usr/share/texlive/texmf-dist/tex/generic/pgf/modules/pgfmoduleplot.code.tex
File: pgfmoduleplot.code.tex 2021/05/15 v3.1.9a (3.1.9a)
)
(/usr/share/texlive/texmf-dist/tex/latex/pgf/compatibility/pgfcomp-version-0-65
.sty
Package: pgfcomp-version-0-65 2021/05/15 v3.1.9a (3.1.9a)
\pgf@nodesepstart=\dimen195
\pgf@nodesepend=\dimen196
)
(/usr/share/texlive/texmf-dist/tex/latex/pgf/compatibility/pgfcomp-version-1-18
.sty
Package: pgfcomp-version-1-18 2021/05/15 v3.1.9a (3.1.9a)
)))
Package trimclip Info: No clipping driver 'tc-luatex.def' available.
(trimclip)             Using fall-back PGF driver.
)
\adjbox@Width=\dimen197
\adjbox@Height=\dimen198
\adjbox@Depth=\dimen199
\adjbox@Totalheight=\dimen256
\adjbox@pwidth=\dimen257
\adjbox@pheight=\dimen258
\adjbox@pdepth=\dimen259
\adjbox@ptotalheight=\dimen260
(/usr/share/texlive/texmf-dist/tex/latex/ifoddpage/ifoddpage.sty
Package: ifoddpage 2016/04/23 v1.1 Conditionals for odd/even page detection
\c@checkoddpage=\count296
) (/usr/share/texlive/texmf-dist/tex/latex/varwidth/varwidth.sty
Package: varwidth 2009/03/30 ver 0.92;  Variable-width minipages
\@vwid@box=\box66
\sift@deathcycles=\count297
\@vwid@loff=\dimen261
\@vwid@roff=\dimen262
)) (/usr/share/texlive/texmf-dist/tex/latex/amsmath/amsmath.sty
Package: amsmath 2021/10/15 v2.17l AMS math features
\@mathmargin=\skip54
For additional information on amsmath, use the `?' option.
(/usr/share/texlive/texmf-dist/tex/latex/amsmath/amstext.sty
Package: amstext 2021/08/26 v2.01 AMS text
(/usr/share/texlive/texmf-dist/tex/latex/amsmath/amsgen.sty
File: amsgen.sty 1999/11/30 v2.0 generic functions
\@emptytoks=\toks33
\ex@=\dimen263
)) (/usr/share/texlive/texmf-dist/tex/latex/amsmath/amsbsy.sty
Package: amsbsy 1999/11/29 v1.2d Bold Symbols
\pmbraise@=\dimen264
) (/usr/share/texlive/texmf-dist/tex/latex/amsmath/amsopn.sty
Package: amsopn 2021/08/26 v2.02 operator names
)
\inf@bad=\count298
LaTeX Info: Redefining \frac on input line 236.
\uproot@=\count299
\leftroot@=\count300
LaTeX Info: Redefining \overline on input line 399.
\classnum@=\count301
\DOTSCASE@=\count302
LaTeX Info: Redefining \ldots on input line 496.
LaTeX Info: Redefining \dots on input line 499.
LaTeX Info: Redefining \cdots on input line 620.
\Mathstrutbox@=\box67
\strutbox@=\box68
\big@size=\dimen265
LaTeX Font Info:    Redeclaring font encoding OML on input line 743.
LaTeX Font Info:    Redeclaring font encoding OMS on input line 744.
\macc@depth=\count303
\c@MaxMatrixCols=\count304
\dotsspace@=\muskip17
\c@parentequation=\count305
\dspbrk@lvl=\count306
\tag@help=\toks34
\row@=\count307
\column@=\count308
\maxfields@=\count309
\andhelp@=\toks35
\eqnshift@=\dimen266
\alignsep@=\dimen267
\tagshift@=\dimen268
\tagwidth@=\dimen269
\totwidth@=\dimen270
\lineht@=\dimen271
\@envbody=\toks36
\multlinegap=\skip55
\multlinetaggap=\skip56
\mathdisplay@stack=\toks37
LaTeX Info: Redefining \[ on input line 2938.
LaTeX Info: Redefining \] on input line 2939.
) (/usr/share/texlive/texmf-dist/tex/latex/tools/bm.sty
Package: bm 2021/04/25 v1.2e Bold Symbol Support (DPC/FMi)
\symboldoperators=\mathgroup4
\symboldletters=\mathgroup5
\symboldsymbols=\mathgroup6
Package bm Info: No bold for \OMX/cmex/m/n, using \pmb.
LaTeX Font Info:    Redeclaring math alphabet \mathbf on input line 149.
) (/usr/share/texlive/texmf-dist/tex/latex/amsfonts/amsfonts.sty
Package: amsfonts 2013/01/14 v3.01 Basic AMSFonts support
\symAMSa=\mathgroup7
\symAMSb=\mathgroup8
LaTeX Font Info:    Redeclaring math symbol \hbar on input line 98.
LaTeX Font Info:    Overwriting math alphabet `\mathfrak' in version `bold'
(Font)                  U/euf/m/n --> U/euf/b/n on input line 106.
) (/usr/share/texlive/texmf-dist/tex/latex/mathtools/mathtools.sty
Package: mathtools 2021/02/02 v1.28 mathematical typesetting tools
(/usr/share/texlive/texmf-dist/tex/latex/tools/calc.sty
Package: calc 2017/05/25 v4.3 Infix arithmetic (KKT,FJ)
\calc@Acount=\count310
\calc@Bcount=\count311
\calc@Adimen=\dimen272
\calc@Bdimen=\dimen273
\calc@Askip=\skip57
\calc@Bskip=\skip58
LaTeX Info: Redefining \setlength on input line 80.
LaTeX Info: Redefining \addtolength on input line 81.
\calc@Ccount=\count312
\calc@Cskip=\skip59
) (/usr/share/texlive/texmf-dist/tex/latex/mathtools/mhsetup.sty
Package: mhsetup 2021/03/18 v1.4 programming setup (MH)
)
\g_MT_multlinerow_int=\count313
\l_MT_multwidth_dim=\dimen274
\origjot=\skip60
\l_MT_shortvdotswithinadjustabove_dim=\dimen275
\l_MT_shortvdotswithinadjustbelow_dim=\dimen276
\l_MT_above_intertext_sep=\dimen277
\l_MT_below_intertext_sep=\dimen278
\l_MT_above_shortintertext_sep=\dimen279
\l_MT_below_shortintertext_sep=\dimen280
\xmathstrut@box=\box69
\xmathstrut@dim=\dimen281
) (/usr/share/texlive/texmf-dist/tex/latex/amsfonts/amssymb.sty
Package: amssymb 2013/01/14 v3.01 AMS font symbols
) (/usr/share/texlive/texmf-dist/tex/latex/appendix/appendix.sty
Package: appendix 2020/02/08 v1.2c extra appendix facilities
\c@@pps=\count314
\c@@ppsavesec=\count315
\c@@ppsaveapp=\count316
) (/usr/share/texlive/texmf-dist/tex/latex/tools/array.sty
Package: array 2021/10/04 v2.5f Tabular extension package (FMi)
\col@sep=\dimen282
\ar@mcellbox=\box70
\extrarowheight=\dimen283
\NC@list=\toks38
\extratabsurround=\skip61
\backup@length=\skip62
\ar@cellbox=\box71
) (/usr/share/texlive/texmf-dist/tex/latex/paralist/paralist.sty
Package: paralist 2017/01/22 v2.7 Extended list environments
\pltopsep=\skip63
\plpartopsep=\skip64
\plitemsep=\skip65
\plparsep=\skip66
\pl@lab=\toks39
) (/usr/share/texlive/texmf-dist/tex/latex/booktabs/booktabs.sty
Package: booktabs 2020/01/12 v1.61803398 Publication quality tables
\heavyrulewidth=\dimen284
\lightrulewidth=\dimen285
\cmidrulewidth=\dimen286
\belowrulesep=\dimen287
\belowbottomsep=\dimen288
\aboverulesep=\dimen289
\abovetopsep=\dimen290
\cmidrulesep=\dimen291
\cmidrulekern=\dimen292
\defaultaddspace=\dimen293
\@cmidla=\count317
\@cmidlb=\count318
\@aboverulesep=\dimen294
\@belowrulesep=\dimen295
\@thisruleclass=\count319
\@lastruleclass=\count320
\@thisrulewidth=\dimen296
) (/usr/share/texlive/texmf-dist/tex/latex/multirow/multirow.sty
Package: multirow 2021/03/15 v2.8 Span multiple rows of a table
\multirow@colwidth=\skip67
\multirow@cntb=\count321
\multirow@dima=\skip68
\bigstrutjot=\dimen297
) (/usr/share/texlive/texmf-dist/tex/latex/caption/subcaption.sty
Package: subcaption 2020/10/07 v1.3j Sub-captions (AR)
(/usr/share/texlive/texmf-dist/tex/latex/caption/caption.sty
Package: caption 2020/10/26 v3.5g Customizing captions (AR)
(/usr/share/texlive/texmf-dist/tex/latex/caption/caption3.sty
Package: caption3 2020/10/21 v2.2e caption3 kernel (AR)
\captionmargin=\dimen298
\captionmargin@=\dimen299
\captionwidth=\dimen300
\caption@tempdima=\dimen301
\caption@indent=\dimen302
\caption@parindent=\dimen303
\caption@hangindent=\dimen304
Package caption Info: elsarticle document class detected.
(/usr/share/texlive/texmf-dist/tex/latex/caption/caption-elsarticle.sto
File: caption-elsarticle.sto 2020/08/22 v2.0 Adaption of the caption package to
 the elsarticle document class (AR)
))
\c@caption@flags=\count322
\c@continuedfloat=\count323
Package caption Info: hyperref package is loaded.
)
\c@subfigure=\count324
\c@subtable=\count325
) (/usr/share/texlive/texmf-dist/tex/latex/pgfplots/pgfplotstable.sty (/usr/sha
re/texlive/texmf-dist/tex/generic/pgfplots/pgfplots.revision.tex)
Package: pgfplotstable 2021/05/15 v1.18.1 Table typesetting and Pretty-printing
 (1.18.1)
(/usr/share/texlive/texmf-dist/tex/latex/pgfplots/pgfplots.sty (/usr/share/texl
ive/texmf-dist/tex/generic/pgfplots/pgfplots.revision.tex)
Package: pgfplots 2021/05/15 v1.18.1 Data Visualization (1.18.1)
(/usr/share/texlive/texmf-dist/tex/latex/pgf/frontendlayer/tikz.sty (/usr/share
/texlive/texmf-dist/tex/latex/pgf/utilities/pgffor.sty (/usr/share/texlive/texm
f-dist/tex/latex/pgf/utilities/pgfkeys.sty (/usr/share/texlive/texmf-dist/tex/g
eneric/pgf/utilities/pgfkeys.code.tex)) (/usr/share/texlive/texmf-dist/tex/late
x/pgf/math/pgfmath.sty (/usr/share/texlive/texmf-dist/tex/generic/pgf/math/pgfm
ath.code.tex)) (/usr/share/texlive/texmf-dist/tex/generic/pgf/utilities/pgffor.
code.tex
Package: pgffor 2021/05/15 v3.1.9a (3.1.9a)
(/usr/share/texlive/texmf-dist/tex/generic/pgf/math/pgfmath.code.tex)
\pgffor@iter=\dimen305
\pgffor@skip=\dimen306
\pgffor@stack=\toks40
\pgffor@toks=\toks41
))
(/usr/share/texlive/texmf-dist/tex/generic/pgf/frontendlayer/tikz/tikz.code.tex
Package: tikz 2021/05/15 v3.1.9a (3.1.9a)

(/usr/share/texlive/texmf-dist/tex/generic/pgf/libraries/pgflibraryplothandlers
.code.tex
File: pgflibraryplothandlers.code.tex 2021/05/15 v3.1.9a (3.1.9a)
\pgf@plot@mark@count=\count326
\pgfplotmarksize=\dimen307
)
\tikz@lastx=\dimen308
\tikz@lasty=\dimen309
\tikz@lastxsaved=\dimen310
\tikz@lastysaved=\dimen311
\tikz@lastmovetox=\dimen312
\tikz@lastmovetoy=\dimen313
\tikzleveldistance=\dimen314
\tikzsiblingdistance=\dimen315
\tikz@figbox=\box72
\tikz@figbox@bg=\box73
\tikz@tempbox=\box74
\tikz@tempbox@bg=\box75
\tikztreelevel=\count327
\tikznumberofchildren=\count328
\tikznumberofcurrentchild=\count329
\tikz@fig@count=\count330

(/usr/share/texlive/texmf-dist/tex/generic/pgf/modules/pgfmodulematrix.code.tex
File: pgfmodulematrix.code.tex 2021/05/15 v3.1.9a (3.1.9a)
\pgfmatrixcurrentrow=\count331
\pgfmatrixcurrentcolumn=\count332
\pgf@matrix@numberofcolumns=\count333
)
\tikz@expandcount=\count334

(/usr/share/texlive/texmf-dist/tex/generic/pgf/frontendlayer/tikz/libraries/tik
zlibrarytopaths.code.tex
File: tikzlibrarytopaths.code.tex 2021/05/15 v3.1.9a (3.1.9a)
))) (/usr/share/texlive/texmf-dist/tex/generic/pgfplots/pgfplots.code.tex (/usr
/share/texlive/texmf-dist/tex/generic/pgfplots/pgfplotscore.code.tex
Package pgfplots info on input line 124: Initializing with LUA version Lua 5.3
\pgfplots@luabackend@table=\catcodetable12
\t@pgfplots@toka=\toks42
\t@pgfplots@tokb=\toks43
\t@pgfplots@tokc=\toks44
\pgfplots@tmpa=\dimen316
\c@pgfplots@coordindex=\count335
\c@pgfplots@scanlineindex=\count336

(/usr/share/texlive/texmf-dist/tex/generic/pgfplots/sys/pgfplotssysgeneric.code
.tex))
(/usr/share/texlive/texmf-dist/tex/generic/pgfplots/libs/pgfplotslibrary.code.t
ex)
(/usr/share/texlive/texmf-dist/tex/generic/pgfplots/oldpgfcompatib/pgfplotsoldp
gfsupp_loader.code.tex
(/usr/share/texlive/texmf-dist/tex/generic/pgf/libraries/pgflibraryfpu.code.tex
)
(/usr/share/texlive/texmf-dist/tex/generic/pgf/libraries/luamath/pgflibraryluam
ath.code.tex)
Package pgfplots info on input line 290: luamath library shipped with pgf 3.1.9
a is up-to-date
) (/usr/share/texlive/texmf-dist/tex/generic/pgfplots/util/pgfplotsutil.code.te
x
Package pgfplots info on input line 82: Found new luatex: initializing lua comm
ands instead of write18 (shell-escape)

(/usr/share/texlive/texmf-dist/tex/generic/pgfplots/liststructure/pgfplotslists
tructure.code.tex)
(/usr/share/texlive/texmf-dist/tex/generic/pgfplots/liststructure/pgfplotslists
tructureext.code.tex)
(/usr/share/texlive/texmf-dist/tex/generic/pgfplots/liststructure/pgfplotsarray
.code.tex
\c@pgfplotsarray@tmp=\count337
)
(/usr/share/texlive/texmf-dist/tex/generic/pgfplots/liststructure/pgfplotsmatri
x.code.tex)
(/usr/share/texlive/texmf-dist/tex/generic/pgfplots/numtable/pgfplotstableshare
d.code.tex
\c@pgfplotstable@counta=\count338
\t@pgfplotstable@a=\toks45
)
(/usr/share/texlive/texmf-dist/tex/generic/pgfplots/liststructure/pgfplotsdeque
.code.tex)
(/usr/share/texlive/texmf-dist/tex/generic/pgfplots/util/pgfplotsbinary.code.te
x
(/usr/share/texlive/texmf-dist/tex/generic/pgfplots/util/pgfplotsbinary.data.co
de.tex))
(/usr/share/texlive/texmf-dist/tex/generic/pgfplots/util/pgfplotsutil.verb.code
.tex)
(/usr/share/texlive/texmf-dist/tex/generic/pgfplots/libs/pgflibrarypgfplots.sur
fshading.code.tex
\c@pgfplotslibrarysurf@no=\count339

(/usr/share/texlive/texmf-dist/tex/generic/pgfplots/sys/pgflibrarypgfplots.surf
shading.pgfsys-luatex.def)))
(/usr/share/texlive/texmf-dist/tex/generic/pgfplots/util/pgfplotscolormap.code.
tex
(/usr/share/texlive/texmf-dist/tex/generic/pgfplots/util/pgfplotscolor.code.tex
))
(/usr/share/texlive/texmf-dist/tex/generic/pgfplots/pgfplotsstackedplots.code.t
ex)
(/usr/share/texlive/texmf-dist/tex/generic/pgfplots/pgfplotsplothandlers.code.t
ex
(/usr/share/texlive/texmf-dist/tex/generic/pgfplots/pgfplotsmeshplothandler.cod
e.tex
(/usr/share/texlive/texmf-dist/tex/generic/pgfplots/pgfplotsmeshplotimage.code.
tex))) (/usr/share/texlive/texmf-dist/tex/generic/pgfplots/pgfplots.scaling.cod
e.tex)
(/usr/share/texlive/texmf-dist/tex/generic/pgfplots/pgfplotscoordprocessing.cod
e.tex)
(/usr/share/texlive/texmf-dist/tex/generic/pgfplots/pgfplots.errorbars.code.tex
) (/usr/share/texlive/texmf-dist/tex/generic/pgfplots/pgfplots.markers.code.tex
) (/usr/share/texlive/texmf-dist/tex/generic/pgfplots/pgfplotsticks.code.tex) (/usr/share/texlive/texmf-dist/tex/generic/pgfplots/pgfplots.paths.code.tex)
(/usr/share/texlive/texmf-dist/tex/generic/pgf/frontendlayer/tikz/libraries/tik
zlibrarydecorations.code.tex
(/usr/share/texlive/texmf-dist/tex/generic/pgf/modules/pgfmoduledecorations.cod
e.tex
\pgfdecoratedcompleteddistance=\dimen317
\pgfdecoratedremainingdistance=\dimen318
\pgfdecoratedinputsegmentcompleteddistance=\dimen319
\pgfdecoratedinputsegmentremainingdistance=\dimen320
\pgf@decorate@distancetomove=\dimen321
\pgf@decorate@repeatstate=\count340
\pgfdecorationsegmentamplitude=\dimen322
\pgfdecorationsegmentlength=\dimen323
)
\tikz@lib@dec@box=\box76
)
(/usr/share/texlive/texmf-dist/tex/generic/pgf/frontendlayer/tikz/libraries/tik
zlibrarydecorations.pathmorphing.code.tex
(/usr/share/texlive/texmf-dist/tex/generic/pgf/libraries/decorations/pgflibrary
decorations.pathmorphing.code.tex))
(/usr/share/texlive/texmf-dist/tex/generic/pgf/frontendlayer/tikz/libraries/tik
zlibrarydecorations.pathreplacing.code.tex
(/usr/share/texlive/texmf-dist/tex/generic/pgf/libraries/decorations/pgflibrary
decorations.pathreplacing.code.tex))
(/usr/share/texlive/texmf-dist/tex/generic/pgfplots/libs/tikzlibrarypgfplots.co
ntourlua.code.tex)
\pgfplots@numplots=\count341
\pgfplots@xmin@reg=\dimen324
\pgfplots@xmax@reg=\dimen325
\pgfplots@ymin@reg=\dimen326
\pgfplots@ymax@reg=\dimen327
\pgfplots@zmin@reg=\dimen328
\pgfplots@zmax@reg=\dimen329
)
(/usr/share/texlive/texmf-dist/tex/generic/pgf/frontendlayer/tikz/libraries/tik
zlibraryplotmarks.code.tex
File: tikzlibraryplotmarks.code.tex 2021/05/15 v3.1.9a (3.1.9a)

(/usr/share/texlive/texmf-dist/tex/generic/pgf/libraries/pgflibraryplotmarks.co
de.tex
File: pgflibraryplotmarks.code.tex 2021/05/15 v3.1.9a (3.1.9a)
)))
(/usr/share/texlive/texmf-dist/tex/generic/pgfplots/numtable/pgfplotstable.code
.tex
(/usr/share/texlive/texmf-dist/tex/generic/pgfplots/numtable/pgfplotstable.colt
ype.code.tex)))
(/usr/share/texlive/texmf-dist/tex/generic/pgf/frontendlayer/tikz/libraries/tik
zlibrarypositioning.code.tex
File: tikzlibrarypositioning.code.tex 2021/05/15 v3.1.9a (3.1.9a)
)
(/usr/share/texlive/texmf-dist/tex/generic/pgf/frontendlayer/tikz/libraries/tik
zlibrarymatrix.code.tex
File: tikzlibrarymatrix.code.tex 2021/05/15 v3.1.9a (3.1.9a)
)
(/usr/share/texlive/texmf-dist/tex/latex/pgf/frontendlayer/libraries/tikzlibrar
yexternal.code.tex
(/usr/share/texlive/texmf-dist/tex/generic/pgf/frontendlayer/tikz/libraries/tik
zexternalshared.code.tex))
(/usr/share/texlive/texmf-dist/tex/generic/pgf/frontendlayer/tikz/libraries/tik
zlibrarycalc.code.tex
File: tikzlibrarycalc.code.tex 2021/05/15 v3.1.9a (3.1.9a)
)
(/usr/share/texlive/texmf-dist/tex/generic/pgf/frontendlayer/tikz/libraries/tik
zlibraryarrows.code.tex
File: tikzlibraryarrows.code.tex 2021/05/15 v3.1.9a (3.1.9a)

(/usr/share/texlive/texmf-dist/tex/generic/pgf/libraries/pgflibraryarrows.code.
tex
File: pgflibraryarrows.code.tex 2021/05/15 v3.1.9a (3.1.9a)
\arrowsize=\dimen330
))
(/usr/share/texlive/texmf-dist/tex/generic/pgf/frontendlayer/tikz/libraries/tik
zlibrarydecorations.markings.code.tex
(/usr/share/texlive/texmf-dist/tex/generic/pgf/libraries/decorations/pgflibrary
decorations.markings.code.tex))
(/usr/share/texlive/texmf-dist/tex/generic/pgf/frontendlayer/tikz/libraries/tik
zlibraryshapes.geometric.code.tex
File: tikzlibraryshapes.geometric.code.tex 2021/05/15 v3.1.9a (3.1.9a)

(/usr/share/texlive/texmf-dist/tex/generic/pgf/libraries/shapes/pgflibraryshape
s.geometric.code.tex
File: pgflibraryshapes.geometric.code.tex 2021/05/15 v3.1.9a (3.1.9a)
))
(/usr/share/texlive/texmf-dist/tex/generic/pgfplots/libs/tikzlibrarypgfplots.fi
llbetween.code.tex
(/usr/share/texlive/texmf-dist/tex/generic/pgfplots/pgfcontrib/tikzlibraryfillb
etween.code.tex
(/usr/share/texlive/texmf-dist/tex/generic/pgf/frontendlayer/tikz/libraries/tik
zlibraryintersections.code.tex
(/usr/share/texlive/texmf-dist/tex/generic/pgf/libraries/pgflibraryintersection
s.code.tex
\pgf@intersect@solutions=\count342
))
(/usr/share/texlive/texmf-dist/tex/generic/pgfplots/pgfcontrib/tikzlibrarydecor
ations.softclip.code.tex
(/usr/share/texlive/texmf-dist/tex/generic/pgfplots/pgfcontrib/pgflibraryfillbe
tween.code.tex)))
(/usr/share/texlive/texmf-dist/tex/generic/pgfplots/libs/tikzlibrarypgfplots.de
corations.softclip.code.tex))
(/usr/share/texlive/texmf-dist/tex/generic/pgfplots/libs/tikzlibrarypgfplots.ex
ternal.code.tex)
No auxiliary output files.

\w@pgfexternal@auxout=\write5
(/usr/share/texlive/texmf-dist/tex/latex/algorithms/algorithm.sty
Package: algorithm 2009/08/24 v0.1 Document Style `algorithm' - floating enviro
nment
(/usr/share/texlive/texmf-dist/tex/latex/float/float.sty
Package: float 2001/11/08 v1.3d Float enhancements (AL)
\c@float@type=\count343
\float@exts=\toks46
\float@box=\box77
\@float@everytoks=\toks47
\@floatcapt=\box78
) (/usr/share/texlive/texmf-dist/tex/latex/base/ifthen.sty
Package: ifthen 2020/11/24 v1.1c Standard LaTeX ifthen package (DPC)
)
\@float@every@algorithm=\toks48
\c@algorithm=\count344
) (/usr/share/texlive/texmf-dist/tex/latex/algorithmicx/algpseudocode.sty
Package: algpseudocode 
(/usr/share/texlive/texmf-dist/tex/latex/algorithmicx/algorithmicx.sty
Package: algorithmicx 2005/04/27 v1.2 Algorithmicx
Document Style algorithmicx 1.2 - a greatly improved `algorithmic' style
\c@ALG@line=\count345
\c@ALG@rem=\count346
\c@ALG@nested=\count347
\ALG@tlm=\skip69
\ALG@thistlm=\skip70
\c@ALG@Lnr=\count348
\c@ALG@blocknr=\count349
\c@ALG@storecount=\count350
\c@ALG@tmpcounter=\count351
\ALG@tmplength=\skip71
)
Document Style - pseudocode environments for use with the `algorithmicx' style
)
\c@remr=\count352
\mygraphic=\box79
(./01_graphs/compModesV1.tex)
\auxWidth=\skip72
Package hyperref Info: Option `colorlinks' set `true' on input line 181.
No file figures/main-figure21.aux.
LaTeX Font Info:    Checking defaults for OML/cmm/m/it on input line 183.
LaTeX Font Info:    ... okay on input line 183.
LaTeX Font Info:    Checking defaults for OMS/cmsy/m/n on input line 183.
LaTeX Font Info:    ... okay on input line 183.
LaTeX Font Info:    Checking defaults for OT1/cmr/m/n on input line 183.
LaTeX Font Info:    ... okay on input line 183.
LaTeX Font Info:    Checking defaults for T1/cmr/m/n on input line 183.
LaTeX Font Info:    ... okay on input line 183.
LaTeX Font Info:    Checking defaults for TS1/cmr/m/n on input line 183.
LaTeX Font Info:    Trying to load font information for TS1+cmr on input line 1
83.
(/usr/share/texlive/texmf-dist/tex/latex/base/ts1cmr.fd
File: ts1cmr.fd 2019/12/16 v2.5j Standard LaTeX font definitions
)
LaTeX Font Info:    ... okay on input line 183.
LaTeX Font Info:    Checking defaults for TU/lmr/m/n on input line 183.
LaTeX Font Info:    ... okay on input line 183.
LaTeX Font Info:    Checking defaults for OMX/cmex/m/n on input line 183.
LaTeX Font Info:    ... okay on input line 183.
LaTeX Font Info:    Checking defaults for U/cmr/m/n on input line 183.
LaTeX Font Info:    ... okay on input line 183.
LaTeX Font Info:    Checking defaults for PD1/pdf/m/n on input line 183.
LaTeX Font Info:    ... okay on input line 183.
LaTeX Font Info:    Checking defaults for PU/pdf/m/n on input line 183.
LaTeX Font Info:    ... okay on input line 183.
(/usr/share/texlive/texmf-dist/tex/context/base/mkii/supp-pdf.mkii
[Loading MPS to PDF converter (version 2006.09.02).]
\scratchcounter=\count353
\scratchdimen=\dimen331
\scratchbox=\box80
\nofMPsegments=\count354
\nofMParguments=\count355
\everyMPshowfont=\toks49
\MPscratchCnt=\count356
\MPscratchDim=\dimen332
\MPnumerator=\count357
\makeMPintoPDFobject=\count358
\everyMPtoPDFconversion=\toks50
) (/usr/share/texlive/texmf-dist/tex/latex/epstopdf-pkg/epstopdf-base.sty
Package: epstopdf-base 2020-01-24 v2.11 Base part for package epstopdf
Package epstopdf-base Info: Redefining graphics rule for `.eps' on input line 4
85.
(/usr/share/texlive/texmf-dist/tex/latex/latexconfig/epstopdf-sys.cfg
File: epstopdf-sys.cfg 2010/07/13 v1.3 Configuration of (r)epstopdf for TeX Liv
e
))
Package hyperref Info: Link coloring ON on input line 183.
(/usr/share/texlive/texmf-dist/tex/latex/hyperref/nameref.sty
Package: nameref 2021-04-02 v2.47 Cross-referencing by name of section
(/usr/share/texlive/texmf-dist/tex/latex/refcount/refcount.sty
Package: refcount 2019/12/15 v3.6 Data extraction from label references (HO)
) (/usr/share/texlive/texmf-dist/tex/generic/gettitlestring/gettitlestring.sty
Package: gettitlestring 2019/12/15 v1.6 Cleanup title references (HO)
)
\c@section@level=\count359
)
LaTeX Info: Redefining \ref on input line 183.
LaTeX Info: Redefining \pageref on input line 183.
LaTeX Info: Redefining \nameref on input line 183.
Package caption Info: Begin \AtBeginDocument code.
Package caption Info: float package is loaded.
Package caption Info: End \AtBeginDocument code.
Package pgfplots notification 'compat/show suggested version=true': you might b
enefit from \pgfplotsset{compat=1.18} (current compat level: 1.9).

\emailauthor{isozm@it.cas.cz}{Martin Isoz\corref {cor}}
\urlauthor{https://www.it.cas.cz/en/d4/}{Martin Isoz\corref {cor}}
LaTeX Font Info:    Trying to load font information for U+msa on input line 232
.
(/usr/share/texlive/texmf-dist/tex/latex/amsfonts/umsa.fd
File: umsa.fd 2013/01/14 v3.01 AMS symbols A
)
LaTeX Font Info:    Trying to load font information for U+msb on input line 232
.
(/usr/share/texlive/texmf-dist/tex/latex/amsfonts/umsb.fd
File: umsb.fd 2013/01/14 v3.01 AMS symbols B
)
\Newlabel{cor}{1}
(./03_parts/01_introductionV3.tex
Overfull \hbox (2.22pt too wide) has occurred while \output is active
[] 
 []


Package natbib Warning: Citation `kovasznay1949' on page 2 undefined on input l
ine 4.


Package natbib Warning: Citation `roshko1953' on page 2 undefined on input line
 4.


Package natbib Warning: Citation `roshko1955' on page 2 undefined on input line
 4.


Package natbib Warning: Citation `tritton1959' on page 2 undefined on input lin
e 4.


Package natbib Warning: Citation `tyler1931' on page 2 undefined on input line 
4.


Package natbib Warning: Citation `relf1925' on page 2 undefined on input line 4
.


Package natbib Warning: Citation `relf1921' on page 2 undefined on input line 4
.


Package natbib Warning: Citation `norberg1994' on page 2 undefined on input lin
e 4.


Package natbib Warning: Citation `wieselsberger1921' on page 2 undefined on inp
ut line 4.


Package natbib Warning: Citation `lienhard1966' on page 2 undefined on input li
ne 4.


Package natbib Warning: Citation `jordan1972' on page 2 undefined on input line
 4.


Package natbib Warning: Citation `schatzmann1981' on page 2 undefined on input 
line 4.


Package natbib Warning: Citation `saffman1982' on page 2 undefined on input lin
e 4.


Package natbib Warning: Citation `crowdy2017' on page 2 undefined on input line
 4.


Package natbib Warning: Citation `williamson1996' on page 2 undefined on input 
line 4.


Package natbib Warning: Citation `braza1986' on page 2 undefined on input line 
4.


Package natbib Warning: Citation `sirisup2004' on page 2 undefined on input lin
e 4.


Package natbib Warning: Citation `henderson1995' on page 2 undefined on input l
ine 4.


Package natbib Warning: Citation `fiabane2011' on page 2 undefined on input lin
e 4.


Package natbib Warning: Citation `williamson1996' on page 2 undefined on input 
line 8.


Package natbib Warning: Citation `isoz2019' on page 2 undefined on input line 1
3.


Package natbib Warning: Citation `taira2020' on page 2 undefined on input line 
13.


Package natbib Warning: Citation `Pearson1901' on page 2 undefined on input lin
e 13.


Package natbib Warning: Citation `hoetelling1935' on page 2 undefined on input 
line 15.


Package natbib Warning: Citation `jollife2014' on page 2 undefined on input lin
e 15.


Package natbib Warning: Citation `vanHuffel2013' on page 2 undefined on input l
ine 15.


Package natbib Warning: Citation `schaffrin2006' on page 2 undefined on input l
ine 15.


Package natbib Warning: Citation `leyang2012' on page 2 undefined on input line
 15.


Package natbib Warning: Citation `lorenzxy' on page 2 undefined on input line 1
6.


Package natbib Warning: Citation `karhunen1946' on page 2 undefined on input li
ne 17.


Package natbib Warning: Citation `loeve1946' on page 2 undefined on input line 
17.


Package natbib Warning: Citation `kostas2005' on page 2 undefined on input line
 20.


Package natbib Warning: Citation `feng2010' on page 2 undefined on input line 2
0.


Package natbib Warning: Citation `kostas2005' on page 2 undefined on input line
 20.


Package natbib Warning: Citation `kostas2002' on page 2 undefined on input line
 20.


Package natbib Warning: Citation `fraga2021' on page 2 undefined on input line 
20.


Package natbib Warning: Citation `venturi2006' on page 2 undefined on input lin
e 20.


Package natbib Warning: Citation `ma2000' on page 2 undefined on input line 20.



Package natbib Warning: Citation `ma2003' on page 2 undefined on input line 20.



Package natbib Warning: Citation `feng2010' on page 2 undefined on input line 2
0.


Package natbib Warning: Citation `riches2018' on page 2 undefined on input line
 20.


Package natbib Warning: Citation `uruba2020' on page 3 undefined on input line 
22.


Package natbib Warning: Citation `uruba2020a' on page 3 undefined on input line
 22.


Package natbib Warning: Citation `strelets2001' on page 3 undefined on input li
ne 22.


Package natbib Warning: Citation `jie2016' on page 3 undefined on input line 24
.


Package natbib Warning: Citation `gonzalez2019' on page 3 undefined on input li
ne 24.

) (./03_parts/10_problemGeomAndExpSetupV2.tex
A tikzpicture has been optimized away. Use '/tikz/external/optimize=false' to d
isable this.

LaTeX Warning: Reference `fig:geom' on page 4 undefined on input line 28.

Missing character: There is no   (U+00A0) in font cmr10!
Missing character: There is no   (U+00A0) in font cmr10!
Missing character: There is no   (U+00A0) in font cmr10!
Missing character: There is no   (U+00A0) in font cmr10!
Missing character: There is no   (U+00A0) in font cmr10!
Missing character: There is no   (U+00A0) in font cmr10!
Missing character: There is no   (U+00A0) in font cmr10!
Missing character: There is no   (U+00A0) in font cmr10!
Missing character: There is no   (U+00A0) in font cmr10!
Missing character: There is no   (U+00A0) in font cmr10!
Missing character: There is no   (U+00A0) in font cmr10!

Package natbib Warning: Citation `dynamicsStudio' on page 4 undefined on input 
line 30.


LaTeX Warning: Reference `fig:geom' on page 4 undefined on input line 32.


Package natbib Warning: Citation `prochazka2019' on page 4 undefined on input l
ine 32.


LaTeX Warning: Reference `fig:geom' on page 5 undefined on input line 36.

) (./03_parts/20_modelV2.tex

Package natbib Warning: Citation `OpenFOAM2007' on page 6 undefined on input li
ne 3.


LaTeX Warning: Reference `fig:geom' on page 6 undefined on input line 7.


Package natbib Warning: Citation `yang2015' on page 6 undefined on input line 2
2.


Package natbib Warning: Citation `strelets2001' on page 7 undefined on input li
ne 24.


Package natbib Warning: Citation `strelets2001' on page 7 undefined on input li
ne 24.


Package natbib Warning: Citation `menter1992' on page 7 undefined on input line
 26.


Package natbib Warning: Citation `hellsten1997' on page 7 undefined on input li
ne 26.


Package natbib Warning: Citation `menter2003' on page 7 undefined on input line
 26.


LaTeX Warning: Reference `eq:stress' on page 7 undefined on input line 26.


Overfull \hbox (10.5pt too wide) detected at line 34
[][][][]
 []


Package natbib Warning: Citation `hellsten1997' on page 7 undefined on input li
ne 35.


Package natbib Warning: Citation `menter2003' on page 7 undefined on input line
 35.


LaTeX Warning: Reference `eq:kOmegaSSTDES' on page 7 undefined on input line 40
.


LaTeX Warning: Reference `eq:FDES' on page 7 undefined on input line 40.


Overfull \hbox (108.82106pt too wide) in paragraph at lines 47--75
[]|   []
 []


Underfull \hbox (badness 10000) in paragraph at lines 47--75

 []


LaTeX Warning: Reference `fig:geom' on page 7 undefined on input line 75.


LaTeX Warning: Reference `fig:geom' on page 7 undefined on input line 75.


LaTeX Warning: Reference `tab:BC' on page 7 undefined on input line 79.


LaTeX Warning: Reference `fig:geom' on page 7 undefined on input line 79.


LaTeX Warning: Reference `fig:geom' on page 7 undefined on input line 79.

A tikzpicture has been optimized away. Use '/tikz/external/optimize=false' to d
isable this.

LaTeX Warning: Reference `fig:compMesh' on page 9 undefined on input line 131.


LaTeX Warning: Reference `fig:compMesh' on page 9 undefined on input line 131.


LaTeX Warning: Reference `fig:compMesh' on page 9 undefined on input line 138.


LaTeX Warning: Reference `fig:compMesh' on page 9 undefined on input line 138.


LaTeX Warning: Reference `fig:compMesh' on page 9 undefined on input line 138.


Package natbib Warning: Citation `OpenFOAM2007' on page 10 undefined on input l
ine 143.


LaTeX Warning: Reference `eq:nsEqs' on page 10 undefined on input line 143.


LaTeX Warning: Reference `eq:kOmegaSSTDES' on page 10 undefined on input line 1
43.


Package natbib Warning: Citation `moukalled2016' on page 10 undefined on input 
line 143.


LaTeX Warning: Reference `eq:nsEqs' on page 10 undefined on input line 143.


LaTeX Warning: Reference `eq:kOmegaSSTDES' on page 10 undefined on input line 1
43.


Package natbib Warning: Citation `zhu1991' on page 10 undefined on input line 1
43.


Package natbib Warning: Citation `crankNicolson1947' on page 10 undefined on in
put line 143.


Overfull \hbox (0.17pt too wide) in paragraph at lines 143--144
[]\TU/lmr/m/n/10 The flow gov-ern-ing equa-tions were solved within via the fi-n
ite vol-ume method
 []


LaTeX Warning: Reference `eq:nsEqs' on page 10 undefined on input line 145.


LaTeX Warning: Reference `eq:kOmegaSSTDES' on page 10 undefined on input line 1
45.


Package natbib Warning: Citation `OpenFOAM2007' on page 10 undefined on input l
ine 145.

(./01_graphs/onLineMS.tex
A tikzpicture has been optimized away. Use '/tikz/external/optimize=false' to d
isable this.
)

LaTeX Warning: Reference `fig:meshIndep' on page 10 undefined on input line 153
.


LaTeX Warning: Reference `sec:resultsAndDisc' on page 10 undefined on input lin
e 153.

) (./03_parts/30_podV2.tex

Package natbib Warning: Citation `uruba2020' on page 11 undefined on input line
 3.


Package natbib Warning: Citation `taira2020' on page 11 undefined on input line
 3.


Package natbib Warning: Citation `gatski1991' on page 11 undefined on input lin
e 3.


Package natbib Warning: Citation `shinde2020' on page 11 undefined on input lin
e 3.


Overfull \hbox (0.66888pt too wide) in paragraph at lines 3--4
\TU/lmr/m/n/10 (POD) lies in iden-ti-fi-ca-tion of high-energy co-her-ent struc-
tures in spatio-temporal
 []


LaTeX Warning: Reference `eq:chronosTopos' on page 12 undefined on input line 3
5.


Package natbib Warning: Citation `isoz2019' on page 12 undefined on input line 
39.


Package natbib Warning: Citation `volkwein2013' on page 12 undefined on input l
ine 39.


Package natbib Warning: Citation `kabir2017' on page 12 undefined on input line
 39.

Package hyperref Info: bookmark level for unknown algorithm defaults to 0 on in
put line 43.

Package natbib Warning: Citation `rokhlin2009' on page 13 undefined on input li
ne 58.


Package natbib Warning: Citation `halko2011' on page 13 undefined on input line
 58.


Package natbib Warning: Citation `gu2015' on page 13 undefined on input line 58
.


LaTeX Warning: Reference `alg:randPOD' on page 13 undefined on input line 58.


LaTeX Warning: Reference `alg:tildeYComp' on page 13 undefined on input line 58
.


LaTeX Warning: Reference `alg:tildeYUpdate' on page 13 undefined on input line 
58.


LaTeX Warning: Reference `alg:BComp' on page 13 undefined on input line 58.


LaTeX Warning: Reference `alg:randPOD' on page 13 undefined on input line 58.

(./01_graphs/compPOD_rndPOD.tex
A tikzpicture has been optimized away. Use '/tikz/external/optimize=false' to d
isable this.
)

LaTeX Warning: Reference `fig:podRandPODComp' on page 13 undefined on input lin
e 69.


LaTeX Warning: Reference `fig:podRandPODComp' on page 13 undefined on input lin
e 69.


LaTeX Warning: Reference `fig:podRandPODComp' on page 13 undefined on input lin
e 69.


LaTeX Warning: Reference `fig:podRandPODComp' on page 13 undefined on input lin
e 69.

) (./03_parts/40_resultsAndDiscV4.tex

LaTeX Warning: Reference `eq:nsEqs' on page 14 undefined on input line 8.


LaTeX Warning: Reference `eq:kOmegaSSTDES' on page 14 undefined on input line 8
.


LaTeX Warning: Reference `fig:meansPom1' on page 15 undefined on input line 18.



LaTeX Warning: Reference `fig:meansPom1' on page 15 undefined on input line 18.



LaTeX Warning: Reference `fig:meansPom2' on page 15 undefined on input line 18.


(./01_graphs/compMeanPOM1V2.tex
A tikzpicture has been optimized away. Use '/tikz/external/optimize=false' to d
isable this.
)

LaTeX Warning: Reference `fig:meansPom1' on page 15 undefined on input line 27.



LaTeX Warning: Reference `fig:meansPom1' on page 15 undefined on input line 29.



LaTeX Warning: Reference `fig:meansPom1' on page 15 undefined on input line 29.



LaTeX Warning: Reference `fig:meansPom1' on page 15 undefined on input line 31.


(./01_graphs/compMeanPOM2V2.tex
A tikzpicture has been optimized away. Use '/tikz/external/optimize=false' to d
isable this.
)

LaTeX Warning: Reference `fig:meansPom2' on page 16 undefined on input line 43.



LaTeX Warning: Reference `fig:meansPom2' on page 16 undefined on input line 43.



LaTeX Warning: Reference `fig:meansPom2' on page 16 undefined on input line 45.



Package natbib Warning: Citation `wen2016' on page 17 undefined on input line 4
7.


Package natbib Warning: Citation `gonzalez2019' on page 17 undefined on input l
ine 47.


Package natbib Warning: Citation `mustafa2021' on page 17 undefined on input li
ne 47.

(./01_graphs/turbSpectraPoint.tex
A tikzpicture has been optimized away. Use '/tikz/external/optimize=false' to d
isable this.
)

LaTeX Warning: Reference `fig:meansPom1' on page 17 undefined on input line 59.



LaTeX Warning: Reference `fig:turbSpectraPts' on page 17 undefined on input lin
e 59.


Package natbib Warning: Citation `uruba2020a' on page 17 undefined on input lin
e 59.


LaTeX Warning: Reference `fig:turbSpectraPts' on page 17 undefined on input lin
e 61.


Package natbib Warning: Citation `lienhard1966' on page 17 undefined on input l
ine 61.


Package natbib Warning: Citation `kraichnan1967' on page 17 undefined on input 
line 63.


Package natbib Warning: Citation `rutgers1998' on page 17 undefined on input li
ne 63.


Package natbib Warning: Citation `rose1978' on page 17 undefined on input line 
63.

(./01_graphs/energyEnstrophyConservationV1.tex
A tikzpicture has been optimized away. Use '/tikz/external/optimize=false' to d
isable this.
)

LaTeX Warning: Reference `fig:engEnsConserv' on page 18 undefined on input line
 73.


Package natbib Warning: Citation `kraichnan1967' on page 18 undefined on input 
line 73.


Package natbib Warning: Citation `rose1978' on page 18 undefined on input line 
73.


Package natbib Warning: Citation `chorin1994' on page 18 undefined on input lin
e 73.


Package natbib Warning: Citation `rose1978' on page 18 undefined on input line 
73.


Package natbib Warning: Citation `garcia2019' on page 18 undefined on input lin
e 75.


Package natbib Warning: Citation `rose1978' on page 18 undefined on input line 
75.


LaTeX Warning: Reference `app:fourier' on page 19 undefined on input line 87.


Package natbib Warning: Citation `dynamicsStudio' on page 19 undefined on input
 line 89.


Package natbib Warning: Citation `numpy' on page 19 undefined on input line 89.



LaTeX Warning: Reference `alg:randPOD' on page 19 undefined on input line 89.

(./01_graphs/singVals.tex
A tikzpicture has been optimized away. Use '/tikz/external/optimize=false' to d
isable this.
)

LaTeX Warning: Reference `eq:matrixOfSnapshots' on page 20 undefined on input l
ine 99.


LaTeX Warning: Reference `fig:singVals' on page 20 undefined on input line 99.

(./01_graphs/eta1vsEta2.tex
A tikzpicture has been optimized away. Use '/tikz/external/optimize=false' to d
isable this.
)

LaTeX Warning: Reference `fig:singVals' on page 20 undefined on input line 109.



Package natbib Warning: Citation `taira2020' on page 20 undefined on input line
 109.


Package natbib Warning: Citation `isoz2018' on page 20 undefined on input line 
109.


LaTeX Warning: Reference `fig:appEtasLam' on page 20 undefined on input line 10
9.


LaTeX Warning: Reference `fig:appEtasLamInt' on page 20 undefined on input line
 109.


LaTeX Warning: Reference `app:fourier' on page 20 undefined on input line 109.


LaTeX Warning: Reference `fig:etaVsEta' on page 20 undefined on input line 109.



LaTeX Warning: Reference `eq:chronosTopos' on page 20 undefined on input line 1
09.

A tikzpicture has been optimized away. Use '/tikz/external/optimize=false' to d
isable this.

LaTeX Warning: Reference `fig:pom1mod1' on page 21 undefined on input line 126.



Package natbib Warning: Citation `taira2020' on page 21 undefined on input line
 126.


LaTeX Warning: Reference `fig:pom1mod1' on page 21 undefined on input line 128.



LaTeX Warning: Reference `fig:pom1mod1' on page 21 undefined on input line 128.



LaTeX Warning: Reference `app:fourier' on page 21 undefined on input line 128.

A tikzpicture has been optimized away. Use '/tikz/external/optimize=false' to d
isable this.

LaTeX Warning: Reference `fig:pom2mod1' on page 22 undefined on input line 140.



LaTeX Warning: Reference `fig:pom2mod1' on page 22 undefined on input line 140.



LaTeX Warning: Reference `fig:pom1mod1' on page 22 undefined on input line 140.



LaTeX Warning: Reference `fig:pom2mod1' on page 22 undefined on input line 140.



LaTeX Warning: Reference `fig:pom2mod1' on page 22 undefined on input line 142.



LaTeX Warning: Reference `fig:pom2mod1' on page 22 undefined on input line 142.



LaTeX Warning: Reference `fig:pom1mod1' on page 22 undefined on input line 142.



LaTeX Warning: Reference `fig:turbSpectraPts' on page 22 undefined on input lin
e 142.


LaTeX Warning: Reference `app:fourier' on page 22 undefined on input line 142.

A tikzpicture has been optimized away. Use '/tikz/external/optimize=false' to d
isable this.

LaTeX Warning: Reference `fig:mod3' on page 23 undefined on input line 178.


LaTeX Warning: Reference `fig:mod3' on page 24 undefined on input line 180.


LaTeX Warning: Reference `fig:turbVKStreetSpectra' on page 24 undefined on inpu
t line 180.


LaTeX Warning: Reference `fig:appEtasLam' on page 24 undefined on input line 18
0.


LaTeX Warning: Reference `fig:appEtasLamInt' on page 24 undefined on input line
 180.

A tikzpicture has been optimized away. Use '/tikz/external/optimize=false' to d
isable this.

LaTeX Warning: Reference `fig:pom2mod3' on page 24 undefined on input line 195.



LaTeX Warning: Reference `eq:sigmaZeta' on page 24 undefined on input line 195.



LaTeX Warning: Reference `sub:partRec' on page 24 undefined on input line 195.


LaTeX Warning: Reference `fig:pom2mod3' on page 24 undefined on input line 195.


A tikzpicture has been optimized away. Use '/tikz/external/optimize=false' to d
isable this.

LaTeX Warning: Reference `fig:mod3' on page 25 undefined on input line 210.


LaTeX Warning: Reference `fig:mod6' on page 25 undefined on input line 210.


LaTeX Warning: Reference `fig:mod6' on page 25 undefined on input line 210.

A tikzpicture has been optimized away. Use '/tikz/external/optimize=false' to d
isable this.

LaTeX Warning: Reference `fig:pom2mod6' on page 25 undefined on input line 221.


A tikzpicture has been optimized away. Use '/tikz/external/optimize=false' to d
isable this.

LaTeX Warning: Reference `fig:mod7' on page 25 undefined on input line 239.


LaTeX Warning: Reference `fig:pom2mod7' on page 25 undefined on input line 239.



LaTeX Warning: Reference `fig:mod7' on page 25 undefined on input line 239.


LaTeX Warning: Reference `fig:mod7' on page 25 undefined on input line 239.


Package natbib Warning: Citation `taira2020' on page 25 undefined on input line
 239.

A tikzpicture has been optimized away. Use '/tikz/external/optimize=false' to d
isable this.

LaTeX Warning: Reference `fig:pom2mod7' on page 26 undefined on input line 252.



LaTeX Warning: Reference `fig:mod7' on page 26 undefined on input line 254.


LaTeX Warning: Reference `fig:pom2mod7' on page 26 undefined on input line 254.


A tikzpicture has been optimized away. Use '/tikz/external/optimize=false' to d
isable this.

LaTeX Warning: Reference `fig:pom1mod1' on page 27 undefined on input line 264.



LaTeX Warning: Reference `fig:pom1mod1' on page 27 undefined on input line 264.



LaTeX Warning: Reference `fig:3Dmod1' on page 27 undefined on input line 267.


LaTeX Warning: Reference `fig:pom1mod1' on page 27 undefined on input line 267.



LaTeX Warning: Reference `fig:pom1mod1' on page 27 undefined on input line 267.



LaTeX Warning: Reference `fig:3Dmod1' on page 27 undefined on input line 267.

A tikzpicture has been optimized away. Use '/tikz/external/optimize=false' to d
isable this.

LaTeX Warning: Reference `fig:mod3' on page 28 undefined on input line 277.


LaTeX Warning: Reference `fig:mod3' on page 28 undefined on input line 277.


LaTeX Warning: Reference `fig:3Dmod3' on page 28 undefined on input line 280.


LaTeX Warning: Reference `fig:3Dmod3' on page 28 undefined on input line 280.


LaTeX Warning: Reference `fig:3Dmod3' on page 28 undefined on input line 280.


LaTeX Warning: Reference `fig:mod3' on page 28 undefined on input line 280.


LaTeX Warning: Reference `fig:pom2mod3' on page 28 undefined on input line 280.



LaTeX Warning: Reference `fig:3Dmod3' on page 28 undefined on input line 282.


LaTeX Warning: Reference `fig:mod3' on page 28 undefined on input line 282.


LaTeX Warning: Reference `fig:pom2mod3' on page 28 undefined on input line 282.



LaTeX Warning: Reference `fig:3Dmod3' on page 28 undefined on input line 282.

A tikzpicture has been optimized away. Use '/tikz/external/optimize=false' to d
isable this.

LaTeX Warning: Reference `fig:mod6' on page 28 undefined on input line 291.


LaTeX Warning: Reference `fig:mod6' on page 28 undefined on input line 291.


\openout5 = figures/main-figure21.dpth
<02_images/screenshots3D/mod7V3.png, id=7, 1905.1175pt x 1109.14375pt>
File: 02_images/screenshots3D/mod7V3.png Graphic file (type png)
<use 02_images/screenshots3D/mod7V3.png>
Package luatex.def Info: 02_images/screenshots3D/mod7V3.png  used on input line
 303.
(luatex.def)             Requested size: 324.30084pt x 188.8058pt.
<02_images/res/vorZ_scale.png, id=8, 317.47179pt x 8.60358pt>
File: 02_images/res/vorZ_scale.png Graphic file (type png)
<use 02_images/res/vorZ_scale.png>
Package luatex.def Info: 02_images/res/vorZ_scale.png  used on input line 303.
(luatex.def)             Requested size: 137.9979pt x 3.73976pt.
<02_images/screenshots3D/mod7_POM1_sl.png, id=9, 273.9033pt x 158.2713pt>
File: 02_images/screenshots3D/mod7_POM1_sl.png Graphic file (type png)
<use 02_images/screenshots3D/mod7_POM1_sl.png>
Package luatex.def Info: 02_images/screenshots3D/mod7_POM1_sl.png  used on inpu
t line 303.
(luatex.def)             Requested size: 134.54979pt x 77.74922pt.
File: 02_images/screenshots3D/mod7_POM1_sl.png Graphic file (type png)
<use 02_images/screenshots3D/mod7_POM1_sl.png>
Package luatex.def Info: 02_images/screenshots3D/mod7_POM1_sl.png  used on inpu
t line 303.
(luatex.def)             Requested size: 134.54396pt x 77.62605pt.
PGFPlots: reading {01_graphs/spctraData/spectra/sp_3D_7.csv}
\tikzexternal@dep@file=\write6

\openout6 = figures/main-figure21.dep
NOTE: coordinate (0,1Y7.8683289e1]) has been dropped because it is unbounded (i
n x). (see also unbounded coords=jump). 

Package hyperref Warning: Token not allowed in a PDF string (Unicode):
(hyperref)                removing `\<def>-command' on input line 303.


Package hyperref Warning: Token not allowed in a PDF string (Unicode):
(hyperref)                removing `\cnotenum' on input line 303.


Package hyperref Warning: Token not allowed in a PDF string (Unicode):
(hyperref)                removing `\<def>-command' on input line 303.


Package hyperref Warning: Token not allowed in a PDF string (Unicode):
(hyperref)                removing `\@corref' on input line 303.

[29

\providecommand \oddpage@label [2]{}
{/var/lib/texmf/fonts/map/pdftex/updmap/pdftex.map}
Missing character: There is no - (U+002D) in font nullfont!
<./02_images/screenshots3D/mod7_POM1_sl.png><./02_images/screenshots3D/mod7V3.pn
g><./02_images/res/vorZ_scale.png>]

LaTeX Warning: Reference `fig:mod7' on page 29 undefined on input line 304.


LaTeX Warning: Reference `fig:mod7' on page 29 undefined on input line 304.


LaTeX Warning: Reference `fig:3Dmod7' on page 29 undefined on input line 307.


LaTeX Warning: Reference `fig:3Dmod7' on page 29 undefined on input line 307.


LaTeX Warning: Reference `fig:mod7' on page 29 undefined on input line 307.

A tikzpicture has been optimized away. Use '/tikz/external/optimize=false' to d
isable this.
A tikzpicture has been optimized away. Use '/tikz/external/optimize=false' to d
isable this.
A tikzpicture has been optimized away. Use '/tikz/external/optimize=false' to d
isable this.
) (./03_parts/99_conclusionsV1.tex)
Overfull \hbox (89.11545pt too wide) in paragraph at lines 255--257
\TU/lmr/m/n/9 for Non-lin-ear Dy-namic Be-haviour of Ad-vanced Ma-te-ri-als in 
En-gi-neer-ing CZ.02.1.01/0.0/0.0/15_003/0000493
 []

(./03_parts/AA_nomenclatureV1.tex
Overfull \hbox (10.49171pt too wide) in paragraph at lines 4--22
[][] 
 []

)
No file figures/main-figure21.bbl.
(./03_parts/BB_fourierAppV1.tex
Overfull \hbox (10.16542pt too wide) in paragraph at lines 1--1
[]\TU/lmr/bx/n/10 On in-ter-pre-ta-tion of power spec-tra of POD mode chronos 
 []


LaTeX Warning: Reference `eq:chronosTopos' on page 33 undefined on input line 4
.


LaTeX Warning: Reference `fig:turbSpectraPts' on page 33 undefined on input lin
e 11.


LaTeX Warning: Reference `eq:continuousDiadPairs' on page 34 undefined on input
 line 13.


LaTeX Warning: Reference `eq:continuousDiadPairs' on page 34 undefined on input
 line 13.


LaTeX Warning: Reference `eq:continuousDiadPairs' on page 34 undefined on input
 line 23.


LaTeX Warning: Reference `eq:semiDiscDiadPairs' on page 34 undefined on input l
ine 28.


LaTeX Warning: Reference `eq:fourierLin' on page 34 undefined on input line 28.



LaTeX Warning: Reference `eq:svdY' on page 34 undefined on input line 33.

(./01_graphs/lamVKStreetSpectraV1.tex
A tikzpicture has been optimized away. Use '/tikz/external/optimize=false' to d
isable this.
)

LaTeX Warning: Reference `fig:meansPom1' on page 35 undefined on input line 41.



LaTeX Warning: Reference `fig:meansPom1' on page 35 undefined on input line 41.



Package natbib Warning: Citation `taira2020' on page 35 undefined on input line
 45.


Package natbib Warning: Citation `isoz2018' on page 35 undefined on input line 
45.


LaTeX Warning: Reference `fig:lamVKStreetSpectra' on page 35 undefined on input
 line 45.


LaTeX Warning: Reference `fig:lamVKStreetSpectra' on page 35 undefined on input
 line 47.


LaTeX Warning: Reference `fig:lamVKStreetSpectra' on page 35 undefined on input
 line 47.


LaTeX Warning: Reference `fig:turbSpectraPts' on page 35 undefined on input lin
e 47.

(./01_graphs/turbVKStreetSpectraV1.tex
A tikzpicture has been optimized away. Use '/tikz/external/optimize=false' to d
isable this.
)

LaTeX Warning: Reference `fig:meansPom1' on page 36 undefined on input line 55.



LaTeX Warning: Reference `fig:meansPom1' on page 36 undefined on input line 55.



LaTeX Warning: Reference `fig:turbVKStreetSpectra' on page 36 undefined on inpu
t line 58.


LaTeX Warning: Reference `fig:lamVKStreetSpectra' on page 36 undefined on input
 line 58.


LaTeX Warning: Reference `fig:turbSpectraPts' on page 36 undefined on input lin
e 58.

(./01_graphs/compEtasForAppV1.tex
A tikzpicture has been optimized away. Use '/tikz/external/optimize=false' to d
isable this.
)

LaTeX Warning: Reference `fig:appEtasLam' on page 37 undefined on input line 66
.


Package natbib Warning: Citation `williamson1996' on page 37 undefined on input
 line 66.


LaTeX Warning: Reference `fig:appEtasLam' on page 38 undefined on input line 68
.

(./01_graphs/compEtasIntCurvesForAppV1.tex
A tikzpicture has been optimized away. Use '/tikz/external/optimize=false' to d
isable this.
)

LaTeX Warning: Reference `fig:appEtasLamInt' on page 38 undefined on input line
 77.


LaTeX Warning: Reference `fig:appEtasLamInt' on page 38 undefined on input line
 77.


LaTeX Warning: Reference `fig:turbVKStreetSpectra' on page 38 undefined on inpu
t line 77.

)

Package natbib Warning: There were undefined citations.


LaTeX Warning: There were undefined references.

)
(\end occurred inside a group at level 1)

### simple group (level 1) entered at line 157 ({)
### bottom level

Here is how much of LuaTeX's memory you used:
 43455 strings out of 477805
 305205,4921788 words of node,token memory allocated
 721 words of node memory still in use:
   7 hlist, 2 vlist, 3 rule, 3 glue, 4 kern, 1 glyph, 37 attribute, 69 glue_spec
, 37 attribute_list, 2 write nodes
   avail lists: 1:1,2:27236,3:20384,4:140,5:253,6:18,7:21985,8:70,9:1223,10:23,1
1:278
 62430 multiletter control sequences out of 65536+600000
 73 fonts using 5227143 bytes
 109i,21n,131p,1658b,2800s stack positions out of 5000i,500n,10000p,200000b,80000s
</usr/share/texmf/fonts/opentype/public/lm/lmroman10-regular.otf></usr/share/tex
mf/fonts/opentype/public/lm/lmroman7-regular.otf></usr/share/texlive/texmf-dist/
fonts/type1/public/amsfonts/cm/cmmi5.pfb></usr/share/texlive/texmf-dist/fonts/ty
pe1/public/amsfonts/cm/cmmi7.pfb></usr/share/texlive/texmf-dist/fonts/type1/publ
ic/amsfonts/cm/cmr5.pfb></usr/share/texlive/texmf-dist/fonts/type1/public/amsfon
ts/cm/cmr7.pfb></usr/share/texlive/texmf-dist/fonts/type1/public/amsfonts/cm/cms
y5.pfb></usr/share/texlive/texmf-dist/fonts/type1/public/amsfonts/cm/cmsy7.pfb>
Output written on figures/main-figure21.pdf (1 page, 1726327 bytes).

PDF statistics: 61 PDF objects out of 1000 (max. 8388607)
 39 compressed objects within 1 object stream
 2 named destinations out of 1000 (max. 131072)
 36 words of extra memory for PDF output out of 10000 (max. 100000000)

