This is pdfTeX, Version 3.14159265-2.6-1.40.18 (TeX Live 2017/Debian) (preloaded format=pdflatex 2020.10.5)  24 AUG 2022 15:03
entering extended mode
 \write18 enabled.
 %&-line parsing enabled.
**\def\tikzexternalrealjob{main}\input{main}
(./main.tex (/usr/share/texlive/texmf-dist/tex/latex/elsarticle/elsarticle.cls
Document Class: elsarticle 2009/09/17, 1.2.0: Elsevier Ltd
\@bls=\dimen102
(/usr/share/texlive/texmf-dist/tex/latex/base/article.cls
Document Class: article 2014/09/29 v1.4h Standard LaTeX document class
(/usr/share/texlive/texmf-dist/tex/latex/base/size10.clo
File: size10.clo 2014/09/29 v1.4h Standard LaTeX file (size option)
)
\c@part=\count79
\c@section=\count80
\c@subsection=\count81
\c@subsubsection=\count82
\c@paragraph=\count83
\c@subparagraph=\count84
\c@figure=\count85
\c@table=\count86
\abovecaptionskip=\skip41
\belowcaptionskip=\skip42
\bibindent=\dimen103
) (/usr/share/texlive/texmf-dist/tex/latex/graphics/graphicx.sty
Package: graphicx 2017/06/01 v1.1a Enhanced LaTeX Graphics (DPC,SPQR)
(/usr/share/texlive/texmf-dist/tex/latex/graphics/keyval.sty
Package: keyval 2014/10/28 v1.15 key=value parser (DPC)
\KV@toks@=\toks14
) (/usr/share/texlive/texmf-dist/tex/latex/graphics/graphics.sty
Package: graphics 2017/06/25 v1.2c Standard LaTeX Graphics (DPC,SPQR)
(/usr/share/texlive/texmf-dist/tex/latex/graphics/trig.sty
Package: trig 2016/01/03 v1.10 sin cos tan (DPC)
) (/usr/share/texlive/texmf-dist/tex/latex/graphics-cfg/graphics.cfg
File: graphics.cfg 2016/06/04 v1.11 sample graphics configuration
)
Package graphics Info: Driver file: pdftex.def on input line 99.
(/usr/share/texlive/texmf-dist/tex/latex/graphics-def/pdftex.def
File: pdftex.def 2018/01/08 v1.0l Graphics/color driver for pdftex
))
\Gin@req@height=\dimen104
\Gin@req@width=\dimen105
) (/usr/share/texlive/texmf-dist/tex/latex/psnfss/pifont.sty
Package: pifont 2005/04/12 PSNFSS-v9.2a Pi font support (SPQR) 
LaTeX Font Info:    Try loading font information for U+pzd on input line 63.
(/usr/share/texlive/texmf-dist/tex/latex/psnfss/upzd.fd
File: upzd.fd 2001/06/04 font definitions for U/pzd.
)
LaTeX Font Info:    Try loading font information for U+psy on input line 64.
(/usr/share/texlive/texmf-dist/tex/latex/psnfss/upsy.fd
File: upsy.fd 2001/06/04 font definitions for U/psy.
))
\c@tnote=\count87
\c@fnote=\count88
\c@cnote=\count89
\c@ead=\count90
\c@author=\count91
\@eadauthor=\toks15
\c@affn=\count92
\absbox=\box26
\keybox=\box27
\Columnwidth=\dimen106
\space@left=\dimen107
\els@boxa=\box28
\els@boxb=\box29
\leftMargin=\dimen108
\@enLab=\toks16
\@sep=\skip43
\@@sep=\skip44
(./figures/main-figure3.spl) (/usr/share/texlive/texmf-dist/tex/latex/natbib/na
tbib.sty
Package: natbib 2010/09/13 8.31b (PWD, AO)
\bibhang=\skip45
\bibsep=\skip46
LaTeX Info: Redefining \cite on input line 694.
\c@NAT@ctr=\count93
)
\splwrite=\write3
\openout3 = `figures/main-figure3.spl'.

) (/usr/share/texlive/texmf-dist/tex/latex/lineno/lineno.sty
Package: lineno 2005/11/02 line numbers on paragraphs v4.41
\linenopenalty=\count94
\output=\toks17
\linenoprevgraf=\count95
\linenumbersep=\dimen109
\linenumberwidth=\dimen110
\c@linenumber=\count96
\c@pagewiselinenumber=\count97
\c@LN@truepage=\count98
\c@internallinenumber=\count99
\c@internallinenumbers=\count100
\quotelinenumbersep=\dimen111
\bframerule=\dimen112
\bframesep=\dimen113
\bframebox=\box30
LaTeX Info: Redefining \\ on input line 3056.
) (/usr/share/texlive/texmf-dist/tex/latex/hyperref/hyperref.sty
Package: hyperref 2018/02/06 v6.86b Hypertext links for LaTeX
(/usr/share/texlive/texmf-dist/tex/generic/oberdiek/hobsub-hyperref.sty
Package: hobsub-hyperref 2016/05/16 v1.14 Bundle oberdiek, subset hyperref (HO)

(/usr/share/texlive/texmf-dist/tex/generic/oberdiek/hobsub-generic.sty
Package: hobsub-generic 2016/05/16 v1.14 Bundle oberdiek, subset generic (HO)
Package: hobsub 2016/05/16 v1.14 Construct package bundles (HO)
Package: infwarerr 2016/05/16 v1.4 Providing info/warning/error messages (HO)
Package: ltxcmds 2016/05/16 v1.23 LaTeX kernel commands for general use (HO)
Package: ifluatex 2016/05/16 v1.4 Provides the ifluatex switch (HO)
Package ifluatex Info: LuaTeX not detected.
Package: ifvtex 2016/05/16 v1.6 Detect VTeX and its facilities (HO)
Package ifvtex Info: VTeX not detected.
Package: intcalc 2016/05/16 v1.2 Expandable calculations with integers (HO)
Package: ifpdf 2017/03/15 v3.2 Provides the ifpdf switch
Package: etexcmds 2016/05/16 v1.6 Avoid name clashes with e-TeX commands (HO)
Package etexcmds Info: Could not find \expanded.
(etexcmds)             That can mean that you are not using pdfTeX 1.50 or
(etexcmds)             that some package has redefined \expanded.
(etexcmds)             In the latter case, load this package earlier.
Package: kvsetkeys 2016/05/16 v1.17 Key value parser (HO)
Package: kvdefinekeys 2016/05/16 v1.4 Define keys (HO)
Package: pdftexcmds 2018/01/21 v0.26 Utility functions of pdfTeX for LuaTeX (HO
)
Package pdftexcmds Info: LuaTeX not detected.
Package pdftexcmds Info: \pdf@primitive is available.
Package pdftexcmds Info: \pdf@ifprimitive is available.
Package pdftexcmds Info: \pdfdraftmode found.
Package: pdfescape 2016/05/16 v1.14 Implements pdfTeX's escape features (HO)
Package: bigintcalc 2016/05/16 v1.4 Expandable calculations on big integers (HO
)
Package: bitset 2016/05/16 v1.2 Handle bit-vector datatype (HO)
Package: uniquecounter 2016/05/16 v1.3 Provide unlimited unique counter (HO)
)
Package hobsub Info: Skipping package `hobsub' (already loaded).
Package: letltxmacro 2016/05/16 v1.5 Let assignment for LaTeX macros (HO)
Package: hopatch 2016/05/16 v1.3 Wrapper for package hooks (HO)
Package: xcolor-patch 2016/05/16 xcolor patch
Package: atveryend 2016/05/16 v1.9 Hooks at the very end of document (HO)
Package atveryend Info: \enddocument detected (standard20110627).
Package: atbegshi 2016/06/09 v1.18 At begin shipout hook (HO)
Package: refcount 2016/05/16 v3.5 Data extraction from label references (HO)
Package: hycolor 2016/05/16 v1.8 Color options for hyperref/bookmark (HO)
) (/usr/share/texlive/texmf-dist/tex/generic/ifxetex/ifxetex.sty
Package: ifxetex 2010/09/12 v0.6 Provides ifxetex conditional
) (/usr/share/texlive/texmf-dist/tex/latex/oberdiek/auxhook.sty
Package: auxhook 2016/05/16 v1.4 Hooks for auxiliary files (HO)
) (/usr/share/texlive/texmf-dist/tex/latex/oberdiek/kvoptions.sty
Package: kvoptions 2016/05/16 v3.12 Key value format for package options (HO)
)
\@linkdim=\dimen114
\Hy@linkcounter=\count101
\Hy@pagecounter=\count102
(/usr/share/texlive/texmf-dist/tex/latex/hyperref/pd1enc.def
File: pd1enc.def 2018/02/06 v6.86b Hyperref: PDFDocEncoding definition (HO)
)
\Hy@SavedSpaceFactor=\count103
(/usr/share/texlive/texmf-dist/tex/latex/latexconfig/hyperref.cfg
File: hyperref.cfg 2002/06/06 v1.2 hyperref configuration of TeXLive
)
Package hyperref Info: Hyper figures OFF on input line 4509.
Package hyperref Info: Link nesting OFF on input line 4514.
Package hyperref Info: Hyper index ON on input line 4517.
Package hyperref Info: Plain pages OFF on input line 4524.
Package hyperref Info: Backreferencing OFF on input line 4529.
Package hyperref Info: Implicit mode ON; LaTeX internals redefined.
Package hyperref Info: Bookmarks ON on input line 4762.
\c@Hy@tempcnt=\count104
(/usr/share/texlive/texmf-dist/tex/latex/url/url.sty
\Urlmuskip=\muskip10
Package: url 2013/09/16  ver 3.4  Verb mode for urls, etc.
)
LaTeX Info: Redefining \url on input line 5115.
\XeTeXLinkMargin=\dimen115
\Fld@menulength=\count105
\Field@Width=\dimen116
\Fld@charsize=\dimen117
Package hyperref Info: Hyper figures OFF on input line 6369.
Package hyperref Info: Link nesting OFF on input line 6374.
Package hyperref Info: Hyper index ON on input line 6377.
Package hyperref Info: backreferencing OFF on input line 6384.
Package hyperref Info: Link coloring OFF on input line 6389.
Package hyperref Info: Link coloring with OCG OFF on input line 6394.
Package hyperref Info: PDF/A mode OFF on input line 6399.
LaTeX Info: Redefining \ref on input line 6439.
LaTeX Info: Redefining \pageref on input line 6443.
\Hy@abspage=\count106
\c@Item=\count107
\c@Hfootnote=\count108
)
Package hyperref Info: Driver (autodetected): hpdftex.
(/usr/share/texlive/texmf-dist/tex/latex/hyperref/hpdftex.def
File: hpdftex.def 2018/02/06 v6.86b Hyperref driver for pdfTeX
\Fld@listcount=\count109
\c@bookmark@seq@number=\count110
(/usr/share/texlive/texmf-dist/tex/latex/oberdiek/rerunfilecheck.sty
Package: rerunfilecheck 2016/05/16 v1.8 Rerun checks for auxiliary files (HO)
Package uniquecounter Info: New unique counter `rerunfilecheck' on input line 2
82.
)
\Hy@SectionHShift=\skip47
) (/usr/share/texlive/texmf-dist/tex/latex/xcolor/xcolor.sty
Package: xcolor 2016/05/11 v2.12 LaTeX color extensions (UK)
(/usr/share/texlive/texmf-dist/tex/latex/graphics-cfg/color.cfg
File: color.cfg 2016/01/02 v1.6 sample color configuration
)
Package xcolor Info: Driver file: pdftex.def on input line 225.
Package xcolor Info: Model `cmy' substituted by `cmy0' on input line 1348.
Package xcolor Info: Model `hsb' substituted by `rgb' on input line 1352.
Package xcolor Info: Model `RGB' extended on input line 1364.
Package xcolor Info: Model `HTML' substituted by `rgb' on input line 1366.
Package xcolor Info: Model `Hsb' substituted by `hsb' on input line 1367.
Package xcolor Info: Model `tHsb' substituted by `hsb' on input line 1368.
Package xcolor Info: Model `HSB' substituted by `hsb' on input line 1369.
Package xcolor Info: Model `Gray' substituted by `gray' on input line 1370.
Package xcolor Info: Model `wave' substituted by `hsb' on input line 1371.
(/usr/share/texlive/texmf-dist/tex/latex/graphics/dvipsnam.def
File: dvipsnam.def 2016/06/17 v3.0m Driver-dependent file (DPC,SPQR)
)) (/usr/share/texlive/texmf-dist/tex/latex/adjustbox/adjustbox.sty
Package: adjustbox 2012/05/21 v1.0 Adjusting TeX boxes (trim, clip, ...)
(/usr/share/texlive/texmf-dist/tex/latex/xkeyval/xkeyval.sty
Package: xkeyval 2014/12/03 v2.7a package option processing (HA)
(/usr/share/texlive/texmf-dist/tex/generic/xkeyval/xkeyval.tex (/usr/share/texl
ive/texmf-dist/tex/generic/xkeyval/xkvutils.tex
\XKV@toks=\toks18
\XKV@tempa@toks=\toks19
)
\XKV@depth=\count111
File: xkeyval.tex 2014/12/03 v2.7a key=value parser (HA)
)) (/usr/share/texlive/texmf-dist/tex/latex/adjustbox/adjcalc.sty
Package: adjcalc 2012/05/16 v1.1 Provides advanced setlength with multiple back
-ends (calc, etex, pgfmath)
) (/usr/share/texlive/texmf-dist/tex/latex/adjustbox/trimclip.sty
Package: trimclip 2012/05/16 v1.0 Trim and clip general TeX material
(/usr/share/texlive/texmf-dist/tex/latex/collectbox/collectbox.sty
Package: collectbox 2012/05/17 v0.4b Collect macro arguments as boxes
\collectedbox=\box31
)
\tc@llx=\dimen118
\tc@lly=\dimen119
\tc@urx=\dimen120
\tc@ury=\dimen121
Package trimclip Info: Using driver 'tc-pdftex.def'.
(/usr/share/texlive/texmf-dist/tex/latex/adjustbox/tc-pdftex.def
File: tc-pdftex.def 2012/05/13 v1.0 Clipping driver for pdftex
))
\adjbox@Width=\dimen122
\adjbox@Height=\dimen123
\adjbox@Depth=\dimen124
\adjbox@Totalheight=\dimen125
(/usr/share/texlive/texmf-dist/tex/latex/ifoddpage/ifoddpage.sty
Package: ifoddpage 2016/04/23 v1.1 Conditionals for odd/even page detection
\c@checkoddpage=\count112
) (/usr/share/texlive/texmf-dist/tex/latex/varwidth/varwidth.sty
Package: varwidth 2009/03/30 ver 0.92;  Variable-width minipages
\@vwid@box=\box32
\sift@deathcycles=\count113
\@vwid@loff=\dimen126
\@vwid@roff=\dimen127
)) (/usr/share/texlive/texmf-dist/tex/latex/amsmath/amsmath.sty
Package: amsmath 2017/09/02 v2.17a AMS math features
\@mathmargin=\skip48
For additional information on amsmath, use the `?' option.
(/usr/share/texlive/texmf-dist/tex/latex/amsmath/amstext.sty
Package: amstext 2000/06/29 v2.01 AMS text
(/usr/share/texlive/texmf-dist/tex/latex/amsmath/amsgen.sty
File: amsgen.sty 1999/11/30 v2.0 generic functions
\@emptytoks=\toks20
\ex@=\dimen128
)) (/usr/share/texlive/texmf-dist/tex/latex/amsmath/amsbsy.sty
Package: amsbsy 1999/11/29 v1.2d Bold Symbols
\pmbraise@=\dimen129
) (/usr/share/texlive/texmf-dist/tex/latex/amsmath/amsopn.sty
Package: amsopn 2016/03/08 v2.02 operator names
)
\inf@bad=\count114
LaTeX Info: Redefining \frac on input line 213.
\uproot@=\count115
\leftroot@=\count116
LaTeX Info: Redefining \overline on input line 375.
\classnum@=\count117
\DOTSCASE@=\count118
LaTeX Info: Redefining \ldots on input line 472.
LaTeX Info: Redefining \dots on input line 475.
LaTeX Info: Redefining \cdots on input line 596.
\Mathstrutbox@=\box33
\strutbox@=\box34
\big@size=\dimen130
LaTeX Font Info:    Redeclaring font encoding OML on input line 712.
LaTeX Font Info:    Redeclaring font encoding OMS on input line 713.
\macc@depth=\count119
\c@MaxMatrixCols=\count120
\dotsspace@=\muskip11
\c@parentequation=\count121
\dspbrk@lvl=\count122
\tag@help=\toks21
\row@=\count123
\column@=\count124
\maxfields@=\count125
\andhelp@=\toks22
\eqnshift@=\dimen131
\alignsep@=\dimen132
\tagshift@=\dimen133
\tagwidth@=\dimen134
\totwidth@=\dimen135
\lineht@=\dimen136
\@envbody=\toks23
\multlinegap=\skip49
\multlinetaggap=\skip50
\mathdisplay@stack=\toks24
LaTeX Info: Redefining \[ on input line 2817.
LaTeX Info: Redefining \] on input line 2818.
) (/usr/share/texlive/texmf-dist/tex/latex/tools/bm.sty
Package: bm 2017/01/16 v1.2c Bold Symbol Support (DPC/FMi)
\symboldoperators=\mathgroup4
\symboldletters=\mathgroup5
\symboldsymbols=\mathgroup6
LaTeX Font Info:    Redeclaring math alphabet \mathbf on input line 141.
LaTeX Info: Redefining \bm on input line 207.
) (/usr/share/texlive/texmf-dist/tex/latex/amsfonts/amsfonts.sty
Package: amsfonts 2013/01/14 v3.01 Basic AMSFonts support
\symAMSa=\mathgroup7
\symAMSb=\mathgroup8
LaTeX Font Info:    Overwriting math alphabet `\mathfrak' in version `bold'
(Font)                  U/euf/m/n --> U/euf/b/n on input line 106.
) (/usr/share/texlive/texmf-dist/tex/latex/mathtools/mathtools.sty
Package: mathtools 2018/01/08 v1.21 mathematical typesetting tools
(/usr/share/texlive/texmf-dist/tex/latex/tools/calc.sty
Package: calc 2014/10/28 v4.3 Infix arithmetic (KKT,FJ)
\calc@Acount=\count126
\calc@Bcount=\count127
\calc@Adimen=\dimen137
\calc@Bdimen=\dimen138
\calc@Askip=\skip51
\calc@Bskip=\skip52
LaTeX Info: Redefining \setlength on input line 80.
LaTeX Info: Redefining \addtolength on input line 81.
\calc@Ccount=\count128
\calc@Cskip=\skip53
) (/usr/share/texlive/texmf-dist/tex/latex/mathtools/mhsetup.sty
Package: mhsetup 2017/03/31 v1.3 programming setup (MH)
)
LaTeX Info: Thecontrolsequence`\('isalreadyrobust on input line 129.
LaTeX Info: Thecontrolsequence`\)'isalreadyrobust on input line 129.
LaTeX Info: Thecontrolsequence`\['isalreadyrobust on input line 129.
LaTeX Info: Thecontrolsequence`\]'isalreadyrobust on input line 129.
\g_MT_multlinerow_int=\count129
\l_MT_multwidth_dim=\dimen139
\origjot=\skip54
\l_MT_shortvdotswithinadjustabove_dim=\dimen140
\l_MT_shortvdotswithinadjustbelow_dim=\dimen141
\l_MT_above_intertext_sep=\dimen142
\l_MT_below_intertext_sep=\dimen143
\l_MT_above_shortintertext_sep=\dimen144
\l_MT_below_shortintertext_sep=\dimen145
) (/usr/share/texlive/texmf-dist/tex/latex/amsfonts/amssymb.sty
Package: amssymb 2013/01/14 v3.01 AMS font symbols
) (/usr/share/texlive/texmf-dist/tex/latex/appendix/appendix.sty
Package: appendix 2009/09/02 v1.2b extra appendix facilities
\c@@pps=\count130
\c@@ppsavesec=\count131
\c@@ppsaveapp=\count132
) (/usr/share/texlive/texmf-dist/tex/latex/tools/array.sty
Package: array 2016/10/06 v2.4d Tabular extension package (FMi)
\col@sep=\dimen146
\extrarowheight=\dimen147
\NC@list=\toks25
\extratabsurround=\skip55
\backup@length=\skip56
) (/usr/share/texlive/texmf-dist/tex/latex/paralist/paralist.sty
Package: paralist 2017/01/22 v2.7 Extended list environments
\pltopsep=\skip57
\plpartopsep=\skip58
\plitemsep=\skip59
\plparsep=\skip60
\pl@lab=\toks26
) (/usr/share/texlive/texmf-dist/tex/latex/booktabs/booktabs.sty
Package: booktabs 2016/04/27 v1.618033 publication quality tables
\heavyrulewidth=\dimen148
\lightrulewidth=\dimen149
\cmidrulewidth=\dimen150
\belowrulesep=\dimen151
\belowbottomsep=\dimen152
\aboverulesep=\dimen153
\abovetopsep=\dimen154
\cmidrulesep=\dimen155
\cmidrulekern=\dimen156
\defaultaddspace=\dimen157
\@cmidla=\count133
\@cmidlb=\count134
\@aboverulesep=\dimen158
\@belowrulesep=\dimen159
\@thisruleclass=\count135
\@lastruleclass=\count136
\@thisrulewidth=\dimen160
) (/usr/share/texlive/texmf-dist/tex/latex/multirow/multirow.sty
Package: multirow 2016/11/25 v2.2 Span multiple rows of a table
\multirow@colwidth=\skip61
\multirow@cntb=\count137
\multirow@dima=\skip62
\bigstrutjot=\dimen161
) (/usr/share/texlive/texmf-dist/tex/latex/caption/subcaption.sty
Package: subcaption 2016/05/22 v1.1-161 Sub-captions (AR)
(/usr/share/texlive/texmf-dist/tex/latex/caption/caption.sty
Package: caption 2016/02/21 v3.3-144 Customizing captions (AR)
(/usr/share/texlive/texmf-dist/tex/latex/caption/caption3.sty
Package: caption3 2016/05/22 v1.7-166 caption3 kernel (AR)
Package caption3 Info: TeX engine: e-TeX on input line 67.
\captionmargin=\dimen162
\captionmargin@=\dimen163
\captionwidth=\dimen164
\caption@tempdima=\dimen165
\caption@indent=\dimen166
\caption@parindent=\dimen167
\caption@hangindent=\dimen168
)
\c@ContinuedFloat=\count138
Package caption Info: hyperref package is loaded.
)
\c@subfigure=\count139
\c@subtable=\count140
) (/usr/share/texlive/texmf-dist/tex/latex/pgfplots/pgfplotstable.sty (/usr/sha
re/texlive/texmf-dist/tex/generic/pgfplots/pgfplots.revision.tex)
Package: pgfplotstable 2017/06/05 v1.15 Table typesetting and Pretty-printing (
1.15)
(/usr/share/texlive/texmf-dist/tex/latex/pgfplots/pgfplots.sty (/usr/share/texl
ive/texmf-dist/tex/generic/pgfplots/pgfplots.revision.tex)
Package: pgfplots 2017/06/05 v1.15 Data Visualization (1.15)
(/usr/share/texlive/texmf-dist/tex/latex/pgf/frontendlayer/tikz.sty (/usr/share
/texlive/texmf-dist/tex/latex/pgf/basiclayer/pgf.sty (/usr/share/texlive/texmf-
dist/tex/latex/pgf/utilities/pgfrcs.sty (/usr/share/texlive/texmf-dist/tex/gene
ric/pgf/utilities/pgfutil-common.tex
\pgfutil@everybye=\toks27
\pgfutil@tempdima=\dimen169
\pgfutil@tempdimb=\dimen170

(/usr/share/texlive/texmf-dist/tex/generic/pgf/utilities/pgfutil-common-lists.t
ex)) (/usr/share/texlive/texmf-dist/tex/generic/pgf/utilities/pgfutil-latex.def
\pgfutil@abb=\box35
(/usr/share/texlive/texmf-dist/tex/latex/ms/everyshi.sty
Package: everyshi 2001/05/15 v3.00 EveryShipout Package (MS)
)) (/usr/share/texlive/texmf-dist/tex/generic/pgf/utilities/pgfrcs.code.tex
Package: pgfrcs 2015/08/07 v3.0.1a (rcs-revision 1.31)
))
Package: pgf 2015/08/07 v3.0.1a (rcs-revision 1.15)
(/usr/share/texlive/texmf-dist/tex/latex/pgf/basiclayer/pgfcore.sty (/usr/share
/texlive/texmf-dist/tex/latex/pgf/systemlayer/pgfsys.sty (/usr/share/texlive/te
xmf-dist/tex/generic/pgf/systemlayer/pgfsys.code.tex
Package: pgfsys 2014/07/09 v3.0.1a (rcs-revision 1.48)
(/usr/share/texlive/texmf-dist/tex/generic/pgf/utilities/pgfkeys.code.tex
\pgfkeys@pathtoks=\toks28
\pgfkeys@temptoks=\toks29

(/usr/share/texlive/texmf-dist/tex/generic/pgf/utilities/pgfkeysfiltered.code.t
ex
\pgfkeys@tmptoks=\toks30
))
\pgf@x=\dimen171
\pgf@y=\dimen172
\pgf@xa=\dimen173
\pgf@ya=\dimen174
\pgf@xb=\dimen175
\pgf@yb=\dimen176
\pgf@xc=\dimen177
\pgf@yc=\dimen178
\w@pgf@writea=\write4
\r@pgf@reada=\read1
\c@pgf@counta=\count141
\c@pgf@countb=\count142
\c@pgf@countc=\count143
\c@pgf@countd=\count144
\t@pgf@toka=\toks31
\t@pgf@tokb=\toks32
\t@pgf@tokc=\toks33
(/usr/share/texlive/texmf-dist/tex/generic/pgf/systemlayer/pgf.cfg
File: pgf.cfg 2008/05/14  (rcs-revision 1.7)
)
Driver file for pgf: pgfsys-pdftex.def
(/usr/share/texlive/texmf-dist/tex/generic/pgf/systemlayer/pgfsys-pdftex.def
File: pgfsys-pdftex.def 2014/10/11  (rcs-revision 1.35)

(/usr/share/texlive/texmf-dist/tex/generic/pgf/systemlayer/pgfsys-common-pdf.de
f
File: pgfsys-common-pdf.def 2013/10/10  (rcs-revision 1.13)
)))
(/usr/share/texlive/texmf-dist/tex/generic/pgf/systemlayer/pgfsyssoftpath.code.
tex
File: pgfsyssoftpath.code.tex 2013/09/09  (rcs-revision 1.9)
\pgfsyssoftpath@smallbuffer@items=\count145
\pgfsyssoftpath@bigbuffer@items=\count146
)
(/usr/share/texlive/texmf-dist/tex/generic/pgf/systemlayer/pgfsysprotocol.code.
tex
File: pgfsysprotocol.code.tex 2006/10/16  (rcs-revision 1.4)
)) (/usr/share/texlive/texmf-dist/tex/generic/pgf/basiclayer/pgfcore.code.tex
Package: pgfcore 2010/04/11 v3.0.1a (rcs-revision 1.7)
(/usr/share/texlive/texmf-dist/tex/generic/pgf/math/pgfmath.code.tex (/usr/shar
e/texlive/texmf-dist/tex/generic/pgf/math/pgfmathcalc.code.tex (/usr/share/texl
ive/texmf-dist/tex/generic/pgf/math/pgfmathutil.code.tex) (/usr/share/texlive/t
exmf-dist/tex/generic/pgf/math/pgfmathparser.code.tex
\pgfmath@dimen=\dimen179
\pgfmath@count=\count147
\pgfmath@box=\box36
\pgfmath@toks=\toks34
\pgfmath@stack@operand=\toks35
\pgfmath@stack@operation=\toks36
) (/usr/share/texlive/texmf-dist/tex/generic/pgf/math/pgfmathfunctions.code.tex

(/usr/share/texlive/texmf-dist/tex/generic/pgf/math/pgfmathfunctions.basic.code
.tex)
(/usr/share/texlive/texmf-dist/tex/generic/pgf/math/pgfmathfunctions.trigonomet
ric.code.tex)
(/usr/share/texlive/texmf-dist/tex/generic/pgf/math/pgfmathfunctions.random.cod
e.tex)
(/usr/share/texlive/texmf-dist/tex/generic/pgf/math/pgfmathfunctions.comparison
.code.tex)
(/usr/share/texlive/texmf-dist/tex/generic/pgf/math/pgfmathfunctions.base.code.
tex)
(/usr/share/texlive/texmf-dist/tex/generic/pgf/math/pgfmathfunctions.round.code
.tex)
(/usr/share/texlive/texmf-dist/tex/generic/pgf/math/pgfmathfunctions.misc.code.
tex)
(/usr/share/texlive/texmf-dist/tex/generic/pgf/math/pgfmathfunctions.integerari
thmetics.code.tex))) (/usr/share/texlive/texmf-dist/tex/generic/pgf/math/pgfmat
hfloat.code.tex
\c@pgfmathroundto@lastzeros=\count148
))
(/usr/share/texlive/texmf-dist/tex/generic/pgf/basiclayer/pgfcorepoints.code.te
x
File: pgfcorepoints.code.tex 2013/10/07  (rcs-revision 1.27)
\pgf@picminx=\dimen180
\pgf@picmaxx=\dimen181
\pgf@picminy=\dimen182
\pgf@picmaxy=\dimen183
\pgf@pathminx=\dimen184
\pgf@pathmaxx=\dimen185
\pgf@pathminy=\dimen186
\pgf@pathmaxy=\dimen187
\pgf@xx=\dimen188
\pgf@xy=\dimen189
\pgf@yx=\dimen190
\pgf@yy=\dimen191
\pgf@zx=\dimen192
\pgf@zy=\dimen193
)
(/usr/share/texlive/texmf-dist/tex/generic/pgf/basiclayer/pgfcorepathconstruct.
code.tex
File: pgfcorepathconstruct.code.tex 2013/10/07  (rcs-revision 1.29)
\pgf@path@lastx=\dimen194
\pgf@path@lasty=\dimen195
)
(/usr/share/texlive/texmf-dist/tex/generic/pgf/basiclayer/pgfcorepathusage.code
.tex
File: pgfcorepathusage.code.tex 2014/11/02  (rcs-revision 1.24)
\pgf@shorten@end@additional=\dimen196
\pgf@shorten@start@additional=\dimen197
)
(/usr/share/texlive/texmf-dist/tex/generic/pgf/basiclayer/pgfcorescopes.code.te
x
File: pgfcorescopes.code.tex 2015/05/08  (rcs-revision 1.46)
\pgfpic=\box37
\pgf@hbox=\box38
\pgf@layerbox@main=\box39
\pgf@picture@serial@count=\count149
)
(/usr/share/texlive/texmf-dist/tex/generic/pgf/basiclayer/pgfcoregraphicstate.c
ode.tex
File: pgfcoregraphicstate.code.tex 2014/11/02  (rcs-revision 1.12)
\pgflinewidth=\dimen198
)
(/usr/share/texlive/texmf-dist/tex/generic/pgf/basiclayer/pgfcoretransformation
s.code.tex
File: pgfcoretransformations.code.tex 2015/08/07  (rcs-revision 1.20)
\pgf@pt@x=\dimen199
\pgf@pt@y=\dimen256
\pgf@pt@temp=\dimen257
)
(/usr/share/texlive/texmf-dist/tex/generic/pgf/basiclayer/pgfcorequick.code.tex
File: pgfcorequick.code.tex 2008/10/09  (rcs-revision 1.3)
)
(/usr/share/texlive/texmf-dist/tex/generic/pgf/basiclayer/pgfcoreobjects.code.t
ex
File: pgfcoreobjects.code.tex 2006/10/11  (rcs-revision 1.2)
)
(/usr/share/texlive/texmf-dist/tex/generic/pgf/basiclayer/pgfcorepathprocessing
.code.tex
File: pgfcorepathprocessing.code.tex 2013/09/09  (rcs-revision 1.9)
)
(/usr/share/texlive/texmf-dist/tex/generic/pgf/basiclayer/pgfcorearrows.code.te
x
File: pgfcorearrows.code.tex 2015/05/14  (rcs-revision 1.43)
\pgfarrowsep=\dimen258
)
(/usr/share/texlive/texmf-dist/tex/generic/pgf/basiclayer/pgfcoreshade.code.tex
File: pgfcoreshade.code.tex 2013/07/15  (rcs-revision 1.15)
\pgf@max=\dimen259
\pgf@sys@shading@range@num=\count150
)
(/usr/share/texlive/texmf-dist/tex/generic/pgf/basiclayer/pgfcoreimage.code.tex
File: pgfcoreimage.code.tex 2013/07/15  (rcs-revision 1.18)

(/usr/share/texlive/texmf-dist/tex/generic/pgf/basiclayer/pgfcoreexternal.code.
tex
File: pgfcoreexternal.code.tex 2014/07/09  (rcs-revision 1.21)
\pgfexternal@startupbox=\box40
))
(/usr/share/texlive/texmf-dist/tex/generic/pgf/basiclayer/pgfcorelayers.code.te
x
File: pgfcorelayers.code.tex 2013/07/18  (rcs-revision 1.7)
)
(/usr/share/texlive/texmf-dist/tex/generic/pgf/basiclayer/pgfcoretransparency.c
ode.tex
File: pgfcoretransparency.code.tex 2013/09/30  (rcs-revision 1.5)
)
(/usr/share/texlive/texmf-dist/tex/generic/pgf/basiclayer/pgfcorepatterns.code.
tex
File: pgfcorepatterns.code.tex 2013/11/07  (rcs-revision 1.5)
)))
(/usr/share/texlive/texmf-dist/tex/generic/pgf/modules/pgfmoduleshapes.code.tex
File: pgfmoduleshapes.code.tex 2014/03/21  (rcs-revision 1.35)
\pgfnodeparttextbox=\box41
) (/usr/share/texlive/texmf-dist/tex/generic/pgf/modules/pgfmoduleplot.code.tex
File: pgfmoduleplot.code.tex 2015/08/03  (rcs-revision 1.13)
)
(/usr/share/texlive/texmf-dist/tex/latex/pgf/compatibility/pgfcomp-version-0-65
.sty
Package: pgfcomp-version-0-65 2007/07/03 v3.0.1a (rcs-revision 1.7)
\pgf@nodesepstart=\dimen260
\pgf@nodesepend=\dimen261
)
(/usr/share/texlive/texmf-dist/tex/latex/pgf/compatibility/pgfcomp-version-1-18
.sty
Package: pgfcomp-version-1-18 2007/07/23 v3.0.1a (rcs-revision 1.1)
)) (/usr/share/texlive/texmf-dist/tex/latex/pgf/utilities/pgffor.sty (/usr/shar
e/texlive/texmf-dist/tex/latex/pgf/utilities/pgfkeys.sty (/usr/share/texlive/te
xmf-dist/tex/generic/pgf/utilities/pgfkeys.code.tex)) (/usr/share/texlive/texmf
-dist/tex/latex/pgf/math/pgfmath.sty (/usr/share/texlive/texmf-dist/tex/generic
/pgf/math/pgfmath.code.tex)) (/usr/share/texlive/texmf-dist/tex/generic/pgf/uti
lities/pgffor.code.tex
Package: pgffor 2013/12/13 v3.0.1a (rcs-revision 1.25)
(/usr/share/texlive/texmf-dist/tex/generic/pgf/math/pgfmath.code.tex)
\pgffor@iter=\dimen262
\pgffor@skip=\dimen263
\pgffor@stack=\toks37
\pgffor@toks=\toks38
))
(/usr/share/texlive/texmf-dist/tex/generic/pgf/frontendlayer/tikz/tikz.code.tex
Package: tikz 2015/08/07 v3.0.1a (rcs-revision 1.151)

(/usr/share/texlive/texmf-dist/tex/generic/pgf/libraries/pgflibraryplothandlers
.code.tex
File: pgflibraryplothandlers.code.tex 2013/08/31 v3.0.1a (rcs-revision 1.20)
\pgf@plot@mark@count=\count151
\pgfplotmarksize=\dimen264
)
\tikz@lastx=\dimen265
\tikz@lasty=\dimen266
\tikz@lastxsaved=\dimen267
\tikz@lastysaved=\dimen268
\tikzleveldistance=\dimen269
\tikzsiblingdistance=\dimen270
\tikz@figbox=\box42
\tikz@figbox@bg=\box43
\tikz@tempbox=\box44
\tikz@tempbox@bg=\box45
\tikztreelevel=\count152
\tikznumberofchildren=\count153
\tikznumberofcurrentchild=\count154
\tikz@fig@count=\count155

(/usr/share/texlive/texmf-dist/tex/generic/pgf/modules/pgfmodulematrix.code.tex
File: pgfmodulematrix.code.tex 2013/09/17  (rcs-revision 1.8)
\pgfmatrixcurrentrow=\count156
\pgfmatrixcurrentcolumn=\count157
\pgf@matrix@numberofcolumns=\count158
)
\tikz@expandcount=\count159

(/usr/share/texlive/texmf-dist/tex/generic/pgf/frontendlayer/tikz/libraries/tik
zlibrarytopaths.code.tex
File: tikzlibrarytopaths.code.tex 2008/06/17 v3.0.1a (rcs-revision 1.2)
))) (/usr/share/texlive/texmf-dist/tex/generic/pgfplots/pgfplots.code.tex (/usr
/share/texlive/texmf-dist/tex/generic/pgfplots/pgfplotscore.code.tex
\t@pgfplots@toka=\toks39
\t@pgfplots@tokb=\toks40
\t@pgfplots@tokc=\toks41
\pgfplots@tmpa=\dimen271
\c@pgfplots@coordindex=\count160
\c@pgfplots@scanlineindex=\count161

(/usr/share/texlive/texmf-dist/tex/generic/pgfplots/sys/pgfplotssysgeneric.code
.tex))
(/usr/share/texlive/texmf-dist/tex/generic/pgfplots/libs/pgfplotslibrary.code.t
ex)
(/usr/share/texlive/texmf-dist/tex/generic/pgfplots/oldpgfcompatib/pgfplotsoldp
gfsupp_loader.code.tex
(/usr/share/texlive/texmf-dist/tex/generic/pgf/libraries/pgflibraryfpu.code.tex
)
Package pgfplots: loading complementary arithmetics for your pgf version...

(/usr/share/texlive/texmf-dist/tex/generic/pgfplots/oldpgfcompatib/pgfplotsoldp
gfsupp_pgflibraryfpu.code.tex)
(/usr/share/texlive/texmf-dist/tex/generic/pgfplots/oldpgfcompatib/pgfplotsoldp
gfsupp_pgfmathfloat.code.tex
\c@pgfmathroundto@lastzeros=\count162
)) (/usr/share/texlive/texmf-dist/tex/generic/pgfplots/util/pgfplotsutil.code.t
ex
(/usr/share/texlive/texmf-dist/tex/generic/pgfplots/liststructure/pgfplotslists
tructure.code.tex)
(/usr/share/texlive/texmf-dist/tex/generic/pgfplots/liststructure/pgfplotslists
tructureext.code.tex)
(/usr/share/texlive/texmf-dist/tex/generic/pgfplots/liststructure/pgfplotsarray
.code.tex
\c@pgfplotsarray@tmp=\count163
)
(/usr/share/texlive/texmf-dist/tex/generic/pgfplots/liststructure/pgfplotsmatri
x.code.tex)
(/usr/share/texlive/texmf-dist/tex/generic/pgfplots/numtable/pgfplotstableshare
d.code.tex
\c@pgfplotstable@counta=\count164
\t@pgfplotstable@a=\toks42
)
(/usr/share/texlive/texmf-dist/tex/generic/pgfplots/liststructure/pgfplotsdeque
.code.tex)
(/usr/share/texlive/texmf-dist/tex/generic/pgfplots/util/pgfplotsbinary.code.te
x
(/usr/share/texlive/texmf-dist/tex/generic/pgfplots/util/pgfplotsbinary.data.co
de.tex))
(/usr/share/texlive/texmf-dist/tex/generic/pgfplots/util/pgfplotsutil.verb.code
.tex)
(/usr/share/texlive/texmf-dist/tex/generic/pgfplots/libs/pgflibrarypgfplots.sur
fshading.code.tex
\c@pgfplotslibrarysurf@no=\count165

(/usr/share/texlive/texmf-dist/tex/generic/pgfplots/sys/pgflibrarypgfplots.surf
shading.pgfsys-pdftex.def)))
(/usr/share/texlive/texmf-dist/tex/generic/pgfplots/util/pgfplotscolormap.code.
tex
(/usr/share/texlive/texmf-dist/tex/generic/pgfplots/util/pgfplotscolor.code.tex
))
(/usr/share/texlive/texmf-dist/tex/generic/pgfplots/pgfplotsstackedplots.code.t
ex)
(/usr/share/texlive/texmf-dist/tex/generic/pgfplots/pgfplotsplothandlers.code.t
ex
(/usr/share/texlive/texmf-dist/tex/generic/pgfplots/pgfplotsmeshplothandler.cod
e.tex
(/usr/share/texlive/texmf-dist/tex/generic/pgfplots/pgfplotsmeshplotimage.code.
tex))) (/usr/share/texlive/texmf-dist/tex/generic/pgfplots/pgfplots.scaling.cod
e.tex)
(/usr/share/texlive/texmf-dist/tex/generic/pgfplots/pgfplotscoordprocessing.cod
e.tex)
(/usr/share/texlive/texmf-dist/tex/generic/pgfplots/pgfplots.errorbars.code.tex
) (/usr/share/texlive/texmf-dist/tex/generic/pgfplots/pgfplots.markers.code.tex
) (/usr/share/texlive/texmf-dist/tex/generic/pgfplots/pgfplotsticks.code.tex) (
/usr/share/texlive/texmf-dist/tex/generic/pgfplots/pgfplots.paths.code.tex)
(/usr/share/texlive/texmf-dist/tex/generic/pgf/frontendlayer/tikz/libraries/tik
zlibrarydecorations.code.tex
(/usr/share/texlive/texmf-dist/tex/generic/pgf/modules/pgfmoduledecorations.cod
e.tex
\pgfdecoratedcompleteddistance=\dimen272
\pgfdecoratedremainingdistance=\dimen273
\pgfdecoratedinputsegmentcompleteddistance=\dimen274
\pgfdecoratedinputsegmentremainingdistance=\dimen275
\pgf@decorate@distancetomove=\dimen276
\pgf@decorate@repeatstate=\count166
\pgfdecorationsegmentamplitude=\dimen277
\pgfdecorationsegmentlength=\dimen278
)
\tikz@lib@dec@box=\box46
)
(/usr/share/texlive/texmf-dist/tex/generic/pgf/frontendlayer/tikz/libraries/tik
zlibrarydecorations.pathmorphing.code.tex
(/usr/share/texlive/texmf-dist/tex/generic/pgf/libraries/decorations/pgflibrary
decorations.pathmorphing.code.tex))
(/usr/share/texlive/texmf-dist/tex/generic/pgf/frontendlayer/tikz/libraries/tik
zlibrarydecorations.pathreplacing.code.tex
(/usr/share/texlive/texmf-dist/tex/generic/pgf/libraries/decorations/pgflibrary
decorations.pathreplacing.code.tex))
\pgfplots@numplots=\count167
\pgfplots@xmin@reg=\dimen279
\pgfplots@xmax@reg=\dimen280
\pgfplots@ymin@reg=\dimen281
\pgfplots@ymax@reg=\dimen282
\pgfplots@zmin@reg=\dimen283
\pgfplots@zmax@reg=\dimen284
)
(/usr/share/texlive/texmf-dist/tex/generic/pgf/frontendlayer/tikz/libraries/tik
zlibraryplotmarks.code.tex
File: tikzlibraryplotmarks.code.tex 2008/01/09 v3.0.1a (rcs-revision 1.1)

(/usr/share/texlive/texmf-dist/tex/generic/pgf/libraries/pgflibraryplotmarks.co
de.tex
File: pgflibraryplotmarks.code.tex 2015/08/03 v3.0.1a (rcs-revision 1.14)
)))
(/usr/share/texlive/texmf-dist/tex/generic/pgfplots/numtable/pgfplotstable.code
.tex
(/usr/share/texlive/texmf-dist/tex/generic/pgfplots/numtable/pgfplotstable.colt
ype.code.tex)))
(/usr/share/texlive/texmf-dist/tex/generic/pgf/frontendlayer/tikz/libraries/tik
zlibrarypositioning.code.tex
File: tikzlibrarypositioning.code.tex 2008/10/06 v3.0.1a (rcs-revision 1.7)
)
(/usr/share/texlive/texmf-dist/tex/generic/pgf/frontendlayer/tikz/libraries/tik
zlibrarymatrix.code.tex
File: tikzlibrarymatrix.code.tex 2013/07/12 v3.0.1a (rcs-revision 1.4)
)
(/usr/share/texlive/texmf-dist/tex/latex/pgf/frontendlayer/libraries/tikzlibrar
yexternal.code.tex
(/usr/share/texlive/texmf-dist/tex/generic/pgf/frontendlayer/tikz/libraries/tik
zexternalshared.code.tex))
(/usr/share/texlive/texmf-dist/tex/generic/pgf/frontendlayer/tikz/libraries/tik
zlibrarycalc.code.tex
File: tikzlibrarycalc.code.tex 2013/07/15 v3.0.1a (rcs-revision 1.9)
)
(/usr/share/texlive/texmf-dist/tex/generic/pgf/frontendlayer/tikz/libraries/tik
zlibraryarrows.code.tex
File: tikzlibraryarrows.code.tex 2008/01/09 v3.0.1a (rcs-revision 1.1)

(/usr/share/texlive/texmf-dist/tex/generic/pgf/libraries/pgflibraryarrows.code.
tex
File: pgflibraryarrows.code.tex 2013/09/23 v3.0.1a (rcs-revision 1.16)
\arrowsize=\dimen285
))
(/usr/share/texlive/texmf-dist/tex/generic/pgf/frontendlayer/tikz/libraries/tik
zlibrarydecorations.markings.code.tex
(/usr/share/texlive/texmf-dist/tex/generic/pgf/libraries/decorations/pgflibrary
decorations.markings.code.tex))
(/usr/share/texlive/texmf-dist/tex/generic/pgf/frontendlayer/tikz/libraries/tik
zlibraryshapes.geometric.code.tex
File: tikzlibraryshapes.geometric.code.tex 2008/01/09 v3.0.1a (rcs-revision 1.1
)

(/usr/share/texlive/texmf-dist/tex/generic/pgf/libraries/shapes/pgflibraryshape
s.geometric.code.tex
File: pgflibraryshapes.geometric.code.tex 2008/06/26 v3.0.1a (rcs-revision 1.1)

))
(/usr/share/texlive/texmf-dist/tex/generic/pgfplots/libs/tikzlibrarypgfplots.fi
llbetween.code.tex
(/usr/share/texlive/texmf-dist/tex/generic/pgfplots/pgfcontrib/tikzlibraryfillb
etween.code.tex
(/usr/share/texlive/texmf-dist/tex/generic/pgf/frontendlayer/tikz/libraries/tik
zlibraryintersections.code.tex
(/usr/share/texlive/texmf-dist/tex/generic/pgf/libraries/pgflibraryintersection
s.code.tex
\pgf@intersect@solutions=\count168
))
(/usr/share/texlive/texmf-dist/tex/generic/pgfplots/pgfcontrib/tikzlibrarydecor
ations.softclip.code.tex
(/usr/share/texlive/texmf-dist/tex/generic/pgfplots/pgfcontrib/pgflibraryfillbe
tween.code.tex)))
(/usr/share/texlive/texmf-dist/tex/generic/pgfplots/libs/tikzlibrarypgfplots.de
corations.softclip.code.tex))
(/usr/share/texlive/texmf-dist/tex/generic/pgfplots/libs/tikzlibrarypgfplots.ex
ternal.code.tex
Package pgfplots external lib: loading complementary code for your PGF version.
..

(/usr/share/texlive/texmf-dist/tex/generic/pgfplots/oldpgfcompatib/pgfplotsoldp
gfsupp_pgfcoreexternal.code.tex
File: pgfcoreexternal.code.tex 2015/08/29  (rcs-revision 1.22)
\pgfexternal@startupbox=\box47
)
(/usr/share/texlive/texmf-dist/tex/generic/pgfplots/oldpgfcompatib/pgfplotsoldp
gfsupp_tikzlibraryexternal.code.tex
(/usr/share/texlive/texmf-dist/tex/generic/pgfplots/oldpgfcompatib/pgfplotsoldp
gfsupp_tikzexternalshared.code.tex)))
No auxiliary output files.

\w@pgfexternal@auxout=\write5
(/usr/share/texlive/texmf-dist/tex/latex/algorithms/algorithm.sty
Package: algorithm 2009/08/24 v0.1 Document Style `algorithm' - floating enviro
nment
(/usr/share/texlive/texmf-dist/tex/latex/float/float.sty
Package: float 2001/11/08 v1.3d Float enhancements (AL)
\c@float@type=\count169
\float@exts=\toks43
\float@box=\box48
\@float@everytoks=\toks44
\@floatcapt=\box49
) (/usr/share/texlive/texmf-dist/tex/latex/base/ifthen.sty
Package: ifthen 2014/09/29 v1.1c Standard LaTeX ifthen package (DPC)
)
\@float@every@algorithm=\toks45
\c@algorithm=\count170
) (/usr/share/texlive/texmf-dist/tex/latex/algorithmicx/algpseudocode.sty
Package: algpseudocode 
(/usr/share/texlive/texmf-dist/tex/latex/algorithmicx/algorithmicx.sty
Package: algorithmicx 2005/04/27 v1.2 Algorithmicx
Document Style algorithmicx 1.2 - a greatly improved `algorithmic' style
\c@ALG@line=\count171
\c@ALG@rem=\count172
\c@ALG@nested=\count173
\ALG@tlm=\skip63
\ALG@thistlm=\skip64
\c@ALG@Lnr=\count174
\c@ALG@blocknr=\count175
\c@ALG@storecount=\count176
\c@ALG@tmpcounter=\count177
\ALG@tmplength=\skip65
)
Document Style - pseudocode environments for use with the `algorithmicx' style
)
\c@remr=\count178
\mygraphic=\box50
(./01_graphs/compModesV1.tex)
\auxWidth=\skip66
Package hyperref Info: Option `colorlinks' set `true' on input line 181.
No file figures/main-figure3.aux.
LaTeX Font Info:    Checking defaults for OML/cmm/m/it on input line 183.
LaTeX Font Info:    ... okay on input line 183.
LaTeX Font Info:    Checking defaults for T1/cmr/m/n on input line 183.
LaTeX Font Info:    ... okay on input line 183.
LaTeX Font Info:    Checking defaults for OT1/cmr/m/n on input line 183.
LaTeX Font Info:    ... okay on input line 183.
LaTeX Font Info:    Checking defaults for OMS/cmsy/m/n on input line 183.
LaTeX Font Info:    ... okay on input line 183.
LaTeX Font Info:    Checking defaults for OMX/cmex/m/n on input line 183.
LaTeX Font Info:    ... okay on input line 183.
LaTeX Font Info:    Checking defaults for U/cmr/m/n on input line 183.
LaTeX Font Info:    ... okay on input line 183.
LaTeX Font Info:    Checking defaults for PD1/pdf/m/n on input line 183.
LaTeX Font Info:    ... okay on input line 183.
(/usr/share/texlive/texmf-dist/tex/context/base/mkii/supp-pdf.mkii
[Loading MPS to PDF converter (version 2006.09.02).]
\scratchcounter=\count179
\scratchdimen=\dimen286
\scratchbox=\box51
\nofMPsegments=\count180
\nofMParguments=\count181
\everyMPshowfont=\toks46
\MPscratchCnt=\count182
\MPscratchDim=\dimen287
\MPnumerator=\count183
\makeMPintoPDFobject=\count184
\everyMPtoPDFconversion=\toks47
) (/usr/share/texlive/texmf-dist/tex/latex/oberdiek/epstopdf-base.sty
Package: epstopdf-base 2016/05/15 v2.6 Base part for package epstopdf
(/usr/share/texlive/texmf-dist/tex/latex/oberdiek/grfext.sty
Package: grfext 2016/05/16 v1.2 Manage graphics extensions (HO)
)
Package epstopdf-base Info: Redefining graphics rule for `.eps' on input line 4
38.
Package grfext Info: Graphics extension search list:
(grfext)             [.pdf,.png,.jpg,.mps,.jpeg,.jbig2,.jb2,.PDF,.PNG,.JPG,.JPE
G,.JBIG2,.JB2,.eps]
(grfext)             \AppendGraphicsExtensions on input line 456.
(/usr/share/texlive/texmf-dist/tex/latex/latexconfig/epstopdf-sys.cfg
File: epstopdf-sys.cfg 2010/07/13 v1.3 Configuration of (r)epstopdf for TeX Liv
e
))
\AtBeginShipoutBox=\box52
Package hyperref Info: Link coloring ON on input line 183.
(/usr/share/texlive/texmf-dist/tex/latex/hyperref/nameref.sty
Package: nameref 2016/05/21 v2.44 Cross-referencing by name of section
(/usr/share/texlive/texmf-dist/tex/generic/oberdiek/gettitlestring.sty
Package: gettitlestring 2016/05/16 v1.5 Cleanup title references (HO)
)
\c@section@level=\count185
)
LaTeX Info: Redefining \ref on input line 183.
LaTeX Info: Redefining \pageref on input line 183.
LaTeX Info: Redefining \nameref on input line 183.
Package caption Info: Begin \AtBeginDocument code.
Package caption Info: float package is loaded.
Package caption Info: End \AtBeginDocument code.
ABD: EveryShipout initializing macros
Package pgfplots notification 'compat/show suggested version=true': you might b
enefit from \pgfplotsset{compat=1.15} (current compat level: 1.9).

\emailauthor{isozm@it.cas.cz}{Martin Isoz\corref {cor}}
\urlauthor{https://www.it.cas.cz/en/d4/}{Martin Isoz\corref {cor}}
LaTeX Font Info:    Try loading font information for U+msa on input line 232.
(/usr/share/texlive/texmf-dist/tex/latex/amsfonts/umsa.fd
File: umsa.fd 2013/01/14 v3.01 AMS symbols A
)
LaTeX Font Info:    Try loading font information for U+msb on input line 232.
(/usr/share/texlive/texmf-dist/tex/latex/amsfonts/umsb.fd
File: umsb.fd 2013/01/14 v3.01 AMS symbols B
) (./03_parts/01_introductionV4.tex

Package natbib Warning: Citation `kovasznay1949' on page 2 undefined on input l
ine 4.


Package natbib Warning: Citation `roshko1953' on page 2 undefined on input line
 4.


Package natbib Warning: Citation `roshko1955' on page 2 undefined on input line
 4.


Package natbib Warning: Citation `tritton1959' on page 2 undefined on input lin
e 4.


Package natbib Warning: Citation `tyler1931' on page 2 undefined on input line 
4.


Package natbib Warning: Citation `relf1925' on page 2 undefined on input line 4
.


Package natbib Warning: Citation `relf1921' on page 2 undefined on input line 4
.


Package natbib Warning: Citation `norberg1994' on page 2 undefined on input lin
e 4.


Package natbib Warning: Citation `wieselsberger1921' on page 2 undefined on inp
ut line 4.


Package natbib Warning: Citation `lienhard1966' on page 2 undefined on input li
ne 4.


Package natbib Warning: Citation `jordan1972' on page 2 undefined on input line
 4.


Package natbib Warning: Citation `williamson1989' on page 2 undefined on input 
line 4.


Package natbib Warning: Citation `williamson1996' on page 2 undefined on input 
line 4.


Package natbib Warning: Citation `prasad1997' on page 2 undefined on input line
 4.


Package natbib Warning: Citation `schatzmann1981' on page 2 undefined on input 
line 4.


Package natbib Warning: Citation `saffman1982' on page 2 undefined on input lin
e 4.


Package natbib Warning: Citation `crowdy2017' on page 2 undefined on input line
 4.


Package natbib Warning: Citation `williamson1996' on page 2 undefined on input 
line 4.


Package natbib Warning: Citation `braza1986' on page 2 undefined on input line 
4.


Package natbib Warning: Citation `sirisup2004' on page 2 undefined on input lin
e 4.


Package natbib Warning: Citation `henderson1995' on page 2 undefined on input l
ine 4.


Package natbib Warning: Citation `fiabane2011' on page 2 undefined on input lin
e 4.


Package natbib Warning: Citation `williamson1996' on page 2 undefined on input 
line 8.


Package natbib Warning: Citation `isoz2019' on page 2 undefined on input line 1
3.


Package natbib Warning: Citation `taira2020' on page 2 undefined on input line 
13.


Package natbib Warning: Citation `Pearson1901' on page 2 undefined on input lin
e 13.


Package natbib Warning: Citation `hoetelling1935' on page 2 undefined on input 
line 15.


Package natbib Warning: Citation `jollife2014' on page 2 undefined on input lin
e 15.


Package natbib Warning: Citation `vanHuffel2013' on page 2 undefined on input l
ine 15.


Package natbib Warning: Citation `schaffrin2006' on page 2 undefined on input l
ine 15.


Package natbib Warning: Citation `leyang2012' on page 2 undefined on input line
 15.


Package natbib Warning: Citation `lorenzxy' on page 2 undefined on input line 1
6.


Package natbib Warning: Citation `karhunen1946' on page 2 undefined on input li
ne 17.


Package natbib Warning: Citation `loeve1946' on page 2 undefined on input line 
17.


Package natbib Warning: Citation `kostas2005' on page 2 undefined on input line
 20.


Package natbib Warning: Citation `feng2010' on page 2 undefined on input line 2
0.


Package natbib Warning: Citation `kostas2005' on page 2 undefined on input line
 20.


Package natbib Warning: Citation `kostas2002' on page 2 undefined on input line
 20.


Package natbib Warning: Citation `fraga2021' on page 2 undefined on input line 
20.


Package natbib Warning: Citation `venturi2006' on page 2 undefined on input lin
e 20.


Package natbib Warning: Citation `ma2000' on page 2 undefined on input line 20.



Package natbib Warning: Citation `ma2003' on page 2 undefined on input line 20.



Package natbib Warning: Citation `feng2010' on page 2 undefined on input line 2
0.


Package natbib Warning: Citation `riches2018' on page 2 undefined on input line
 20.


Package natbib Warning: Citation `uruba2020' on page 3 undefined on input line 
22.


Package natbib Warning: Citation `uruba2020a' on page 3 undefined on input line
 22.


Package natbib Warning: Citation `strelets2001' on page 3 undefined on input li
ne 22.


Package natbib Warning: Citation `jie2016' on page 3 undefined on input line 24
.


Package natbib Warning: Citation `gonzalez2019' on page 3 undefined on input li
ne 24.

) (./03_parts/10_problemGeomAndExpSetupV3.tex
A tikzpicture has been optimized away. Use '/tikz/external/optimize=false' to d
isable this.

LaTeX Warning: Reference `fig:geom' on page 4 undefined on input line 28.

Missing character: There is no Â in font cmr10!
Missing character: There is no   in font cmr10!
Missing character: There is no Â in font cmr10!
Missing character: There is no   in font cmr10!
Missing character: There is no Â in font cmr10!
Missing character: There is no   in font cmr10!
Missing character: There is no Â in font cmr10!
Missing character: There is no   in font cmr10!
Missing character: There is no Â in font cmr10!
Missing character: There is no   in font cmr10!
Missing character: There is no Â in font cmr10!
Missing character: There is no   in font cmr10!
Missing character: There is no Â in font cmr10!
Missing character: There is no   in font cmr10!
Missing character: There is no Â in font cmr10!
Missing character: There is no   in font cmr10!

Package natbib Warning: Citation `dynamicsStudio' on page 4 undefined on input 
line 30.


LaTeX Warning: Reference `fig:geom' on page 4 undefined on input line 32.


Package natbib Warning: Citation `prochazka2019' on page 5 undefined on input l
ine 42.


LaTeX Warning: Reference `fig:geom' on page 5 undefined on input line 47.

) (./03_parts/20_modelV2.tex

Package natbib Warning: Citation `OpenFOAM2007' on page 6 undefined on input li
ne 3.


LaTeX Warning: Reference `fig:geom' on page 6 undefined on input line 7.


Package natbib Warning: Citation `yang2015' on page 7 undefined on input line 2
2.


Package natbib Warning: Citation `strelets2001' on page 7 undefined on input li
ne 24.


Package natbib Warning: Citation `strelets2001' on page 7 undefined on input li
ne 24.


Package natbib Warning: Citation `menter1992' on page 7 undefined on input line
 26.


Package natbib Warning: Citation `hellsten1997' on page 7 undefined on input li
ne 26.


Package natbib Warning: Citation `menter2003' on page 7 undefined on input line
 26.


LaTeX Warning: Reference `eq:stress' on page 7 undefined on input line 26.


Overfull \hbox (10.49998pt too wide) detected at line 34
[]
 []


Package natbib Warning: Citation `hellsten1997' on page 7 undefined on input li
ne 35.


Package natbib Warning: Citation `menter2003' on page 7 undefined on input line
 35.


LaTeX Warning: Reference `eq:kOmegaSSTDES' on page 7 undefined on input line 40
.


LaTeX Warning: Reference `eq:FDES' on page 7 undefined on input line 40.


Overfull \hbox (109.66238pt too wide) in paragraph at lines 47--75
[]|   []
 []


Underfull \hbox (badness 10000) in paragraph at lines 47--75

 []


LaTeX Warning: Reference `fig:geom' on page 8 undefined on input line 75.


LaTeX Warning: Reference `fig:geom' on page 8 undefined on input line 75.


LaTeX Warning: Reference `tab:BC' on page 8 undefined on input line 79.


LaTeX Warning: Reference `fig:geom' on page 8 undefined on input line 79.


LaTeX Warning: Reference `fig:geom' on page 8 undefined on input line 79.

A tikzpicture has been optimized away. Use '/tikz/external/optimize=false' to d
isable this.

LaTeX Warning: Reference `fig:compMesh' on page 9 undefined on input line 136.


LaTeX Warning: Reference `fig:compMesh' on page 9 undefined on input line 136.


LaTeX Warning: Reference `fig:compMesh' on page 9 undefined on input line 143.


LaTeX Warning: Reference `fig:compMesh' on page 9 undefined on input line 143.


LaTeX Warning: Reference `fig:compMesh' on page 9 undefined on input line 143.


Package natbib Warning: Citation `OpenFOAM2007' on page 10 undefined on input l
ine 148.


LaTeX Warning: Reference `eq:nsEqs' on page 10 undefined on input line 148.


LaTeX Warning: Reference `eq:kOmegaSSTDES' on page 10 undefined on input line 1
48.


Package natbib Warning: Citation `moukalled2016' on page 10 undefined on input 
line 148.


LaTeX Warning: Reference `eq:nsEqs' on page 10 undefined on input line 148.


LaTeX Warning: Reference `eq:kOmegaSSTDES' on page 10 undefined on input line 1
48.


Package natbib Warning: Citation `zhu1991' on page 10 undefined on input line 1
48.


Package natbib Warning: Citation `crankNicolson1947' on page 10 undefined on in
put line 148.


Overfull \hbox (0.16724pt too wide) in paragraph at lines 148--149
[]\OT1/cmr/m/n/10 The flow gov-ern-ing equa-tions were solved within via the fi
-nite vol-ume method
 []


LaTeX Warning: Reference `eq:nsEqs' on page 10 undefined on input line 150.


LaTeX Warning: Reference `eq:kOmegaSSTDES' on page 10 undefined on input line 1
50.


Package natbib Warning: Citation `OpenFOAM2007' on page 10 undefined on input l
ine 150.

(./01_graphs/onLineMS.tex
A tikzpicture has been optimized away. Use '/tikz/external/optimize=false' to d
isable this.
)

LaTeX Warning: Reference `fig:meshIndep' on page 10 undefined on input line 158
.


LaTeX Warning: Reference `sec:resultsAndDisc' on page 11 undefined on input lin
e 162.

) (./03_parts/30_podV2.tex

Package natbib Warning: Citation `uruba2020' on page 11 undefined on input line
 4.


Package natbib Warning: Citation `taira2020' on page 11 undefined on input line
 4.


Package natbib Warning: Citation `gatski1991' on page 11 undefined on input lin
e 4.


Package natbib Warning: Citation `shinde2020' on page 11 undefined on input lin
e 4.


LaTeX Warning: Reference `eq:chronosTopos' on page 12 undefined on input line 3
8.


Package natbib Warning: Citation `isoz2019' on page 12 undefined on input line 
42.


Package natbib Warning: Citation `volkwein2013' on page 12 undefined on input l
ine 42.


Package natbib Warning: Citation `kabir2017' on page 12 undefined on input line
 42.

Package hyperref Info: bookmark level for unknown algorithm defaults to 0 on in
put line 46.

Package natbib Warning: Citation `rokhlin2009' on page 13 undefined on input li
ne 61.


Package natbib Warning: Citation `halko2011' on page 13 undefined on input line
 61.


Package natbib Warning: Citation `gu2015' on page 13 undefined on input line 61
.


LaTeX Warning: Reference `alg:randPOD' on page 13 undefined on input line 61.


LaTeX Warning: Reference `alg:tildeYComp' on page 13 undefined on input line 61
.


LaTeX Warning: Reference `alg:tildeYUpdate' on page 13 undefined on input line 
61.


LaTeX Warning: Reference `alg:BComp' on page 13 undefined on input line 61.


LaTeX Warning: Reference `alg:randPOD' on page 13 undefined on input line 61.

(./01_graphs/compPOD_rndPOD.tex
\openout5 = `figures/main-figure3.dpth'.

<02_images/res/pom1top1numUx.png, id=7, 725.71124pt x 414.69214pt>
File: 02_images/res/pom1top1numUx.png Graphic file (type png)
<use 02_images/res/pom1top1numUx.png>
Package pdftex.def Info: 02_images/res/pom1top1numUx.png  used on input line 2.

(pdftex.def)             Requested size: 134.54979pt x 76.88136pt.
File: 02_images/res/pom1top1numUx.png Graphic file (type png)
<use 02_images/res/pom1top1numUx.png>
Package pdftex.def Info: 02_images/res/pom1top1numUx.png  used on input line 28
.
(pdftex.def)             Requested size: 134.53131pt x 76.87503pt.
<02_images/res/psi1_x_scale.png, id=10, 318.76231pt x 12.045pt>
File: 02_images/res/psi1_x_scale.png Graphic file (type png)
<use 02_images/res/psi1_x_scale.png>
Package pdftex.def Info: 02_images/res/psi1_x_scale.png  used on input line 30.

(pdftex.def)             Requested size: 134.54979pt x 5.08421pt.
<02_images/res/pom1top1numRNDpodUx.png, id=11, 725.71124pt x 415.12231pt>
File: 02_images/res/pom1top1numRNDpodUx.png Graphic file (type png)
<use 02_images/res/pom1top1numRNDpodUx.png>
Package pdftex.def Info: 02_images/res/pom1top1numRNDpodUx.png  used on input l
ine 38.
(pdftex.def)             Requested size: 134.54979pt x 76.9611pt.
File: 02_images/res/pom1top1numRNDpodUx.png Graphic file (type png)
<use 02_images/res/pom1top1numRNDpodUx.png>
Package pdftex.def Info: 02_images/res/pom1top1numRNDpodUx.png  used on input l
ine 66.
(pdftex.def)             Requested size: 134.53131pt x 76.95477pt.
<02_images/res/relDiffpodRNDpod.png, id=14, 726.14143pt x 415.5525pt>
File: 02_images/res/relDiffpodRNDpod.png Graphic file (type png)
<use 02_images/res/relDiffpodRNDpod.png>
Package pdftex.def Info: 02_images/res/relDiffpodRNDpod.png  used on input line
 68.
(pdftex.def)             Requested size: 134.54979pt x 76.99648pt.
File: 02_images/res/relDiffpodRNDpod.png Graphic file (type png)
<use 02_images/res/relDiffpodRNDpod.png>
Package pdftex.def Info: 02_images/res/relDiffpodRNDpod.png  used on input line
 96.
(pdftex.def)             Requested size: 134.5335pt x 76.99648pt.
<02_images/res/relDiff_x_scale.png, id=17, 262.83911pt x 11.61482pt>
File: 02_images/res/relDiff_x_scale.png Graphic file (type png)
<use 02_images/res/relDiff_x_scale.png>
Package pdftex.def Info: 02_images/res/relDiff_x_scale.png  used on input line 
98.
(pdftex.def)             Requested size: 134.54979pt x 5.9458pt.
PGFPlots: reading {01_graphs/singValsData/singValsRND_U.dat}
\tikzexternal@dep@file=\write6
\openout6 = `figures/main-figure3.dep'.

[13

\providecommand \oddpage@label [2]{}
{/var/lib/texmf/fonts/map/pdftex/updmap/pdftex.map} <./02_images/res/pom1top1nu
mUx.png> <./02_images/res/pom1top1numRNDpodUx.png> <./02_images/res/relDiffpodR
NDpod.png> <./02_images/res/psi1_x_scale.png> <./02_images/res/relDiff_x_scale.
png>])

LaTeX Warning: Reference `fig:podRandPODComp' on page 13 undefined on input lin
e 72.


LaTeX Warning: Reference `fig:podRandPODComp' on page 13 undefined on input lin
e 72.


LaTeX Warning: Reference `fig:podRandPODComp' on page 13 undefined on input lin
e 72.


LaTeX Warning: Reference `fig:podRandPODComp' on page 13 undefined on input lin
e 72.


LaTeX Warning: Reference `fig:podRandPODComp' on page 13 undefined on input lin
e 72.

) (./03_parts/40_resultsAndDiscV5.tex

LaTeX Warning: Reference `eq:nsEqs' on page 14 undefined on input line 8.


LaTeX Warning: Reference `eq:kOmegaSSTDES' on page 14 undefined on input line 8
.


LaTeX Warning: Reference `fig:meansPom1' on page 15 undefined on input line 18.



LaTeX Warning: Reference `fig:meansPom1' on page 15 undefined on input line 18.



LaTeX Warning: Reference `fig:meansPom2' on page 15 undefined on input line 18.


(./01_graphs/compMeanPOM1V2.tex
A tikzpicture has been optimized away. Use '/tikz/external/optimize=false' to d
isable this.
)

LaTeX Warning: Reference `fig:meansPom1' on page 15 undefined on input line 27.



LaTeX Warning: Reference `fig:meansPom1' on page 15 undefined on input line 29.



LaTeX Warning: Reference `fig:meansPom1' on page 15 undefined on input line 29.



LaTeX Warning: Reference `fig:meansPom1' on page 16 undefined on input line 31.


(./01_graphs/compMeanPOM2V2.tex
A tikzpicture has been optimized away. Use '/tikz/external/optimize=false' to d
isable this.
)

LaTeX Warning: Reference `fig:meansPom2' on page 16 undefined on input line 43.



LaTeX Warning: Reference `fig:meansPom2' on page 16 undefined on input line 43.



LaTeX Warning: Reference `fig:meansPom2' on page 17 undefined on input line 45.



Package natbib Warning: Citation `wen2016' on page 17 undefined on input line 4
7.


Package natbib Warning: Citation `gonzalez2019' on page 17 undefined on input l
ine 47.


Package natbib Warning: Citation `mustafa2021' on page 17 undefined on input li
ne 47.

(./01_graphs/turbSpectraPoint.tex
A tikzpicture has been optimized away. Use '/tikz/external/optimize=false' to d
isable this.
)

LaTeX Warning: Reference `fig:meansPom1' on page 17 undefined on input line 59.



LaTeX Warning: Reference `fig:turbSpectraPts' on page 17 undefined on input lin
e 59.


Package natbib Warning: Citation `uruba2020a' on page 17 undefined on input lin
e 59.


LaTeX Warning: Reference `fig:turbSpectraPts' on page 17 undefined on input lin
e 61.


Package natbib Warning: Citation `lienhard1966' on page 17 undefined on input l
ine 61.


Package natbib Warning: Citation `kraichnan1967' on page 18 undefined on input 
line 63.


Package natbib Warning: Citation `rutgers1998' on page 18 undefined on input li
ne 63.


Package natbib Warning: Citation `kraichnan1967' on page 18 undefined on input 
line 63.


Package natbib Warning: Citation `rose1978' on page 18 undefined on input line 
63.


Package natbib Warning: Citation `rose1978' on page 18 undefined on input line 
63.

(./01_graphs/energyEnstrophyConservationV1.tex
A tikzpicture has been optimized away. Use '/tikz/external/optimize=false' to d
isable this.
)

LaTeX Warning: Reference `fig:engEnsConserv' on page 18 undefined on input line
 73.


Package natbib Warning: Citation `kraichnan1967' on page 18 undefined on input 
line 73.


Package natbib Warning: Citation `rose1978' on page 18 undefined on input line 
73.


Package natbib Warning: Citation `chorin1994' on page 18 undefined on input lin
e 73.


Package natbib Warning: Citation `rose1978' on page 18 undefined on input line 
73.


Package natbib Warning: Citation `garcia2019' on page 19 undefined on input lin
e 75.


Package natbib Warning: Citation `rose1978' on page 19 undefined on input line 
75.


LaTeX Warning: Reference `app:fourier' on page 19 undefined on input line 87.


Package natbib Warning: Citation `dynamicsStudio' on page 20 undefined on input
 line 89.


Package natbib Warning: Citation `numpy' on page 20 undefined on input line 89.



LaTeX Warning: Reference `alg:randPOD' on page 20 undefined on input line 89.

(./01_graphs/singVals.tex
A tikzpicture has been optimized away. Use '/tikz/external/optimize=false' to d
isable this.
)

LaTeX Warning: Reference `eq:matrixOfSnapshots' on page 20 undefined on input l
ine 99.


LaTeX Warning: Reference `fig:singVals' on page 20 undefined on input line 99.

(./01_graphs/eta1vsEta2.tex
A tikzpicture has been optimized away. Use '/tikz/external/optimize=false' to d
isable this.
)

LaTeX Warning: Reference `fig:singVals' on page 20 undefined on input line 109.



Package natbib Warning: Citation `taira2020' on page 20 undefined on input line
 109.


Package natbib Warning: Citation `isoz2018' on page 20 undefined on input line 
109.


LaTeX Warning: Reference `fig:appEtasLam' on page 20 undefined on input line 10
9.


LaTeX Warning: Reference `fig:appEtasLamInt' on page 20 undefined on input line
 109.


LaTeX Warning: Reference `app:fourier' on page 20 undefined on input line 109.


LaTeX Warning: Reference `fig:etaVsEta' on page 20 undefined on input line 109.



LaTeX Warning: Reference `eq:chronosTopos' on page 20 undefined on input line 1
09.

A tikzpicture has been optimized away. Use '/tikz/external/optimize=false' to d
isable this.

LaTeX Warning: Reference `fig:pom1mod1' on page 21 undefined on input line 126.



Package natbib Warning: Citation `taira2020' on page 21 undefined on input line
 126.


LaTeX Warning: Reference `fig:pom1mod1' on page 22 undefined on input line 128.



LaTeX Warning: Reference `app:fourier' on page 22 undefined on input line 128.


LaTeX Warning: Reference `fig:pom1mod1' on page 22 undefined on input line 128.



LaTeX Warning: Reference `fig:pom2mod1' on page 22 undefined on input line 128.



LaTeX Warning: Reference `fig:mod3' on page 22 undefined on input line 128.

A tikzpicture has been optimized away. Use '/tikz/external/optimize=false' to d
isable this.

LaTeX Warning: Reference `fig:pom2mod1' on page 22 undefined on input line 143.



LaTeX Warning: Reference `fig:pom2mod1' on page 22 undefined on input line 143.



LaTeX Warning: Reference `fig:pom1mod1' on page 22 undefined on input line 143.



LaTeX Warning: Reference `fig:pom2mod1' on page 22 undefined on input line 143.



LaTeX Warning: Reference `fig:pom2mod1' on page 23 undefined on input line 145.



LaTeX Warning: Reference `fig:pom2mod1' on page 23 undefined on input line 145.



LaTeX Warning: Reference `fig:pom1mod1' on page 23 undefined on input line 145.



LaTeX Warning: Reference `fig:turbSpectraPts' on page 23 undefined on input lin
e 145.


LaTeX Warning: Reference `app:fourier' on page 23 undefined on input line 145.

A tikzpicture has been optimized away. Use '/tikz/external/optimize=false' to d
isable this.

LaTeX Warning: Reference `fig:mod3' on page 23 undefined on input line 181.


LaTeX Warning: Reference `fig:mod3' on page 24 undefined on input line 183.


LaTeX Warning: Reference `fig:turbVKStreetSpectra' on page 24 undefined on inpu
t line 183.


LaTeX Warning: Reference `fig:appEtasLam' on page 24 undefined on input line 18
3.


LaTeX Warning: Reference `fig:appEtasLamInt' on page 24 undefined on input line
 183.

A tikzpicture has been optimized away. Use '/tikz/external/optimize=false' to d
isable this.

LaTeX Warning: Reference `fig:pom2mod3' on page 24 undefined on input line 198.



LaTeX Warning: Reference `eq:sigmaZeta' on page 24 undefined on input line 198.



LaTeX Warning: Reference `sub:partRec' on page 24 undefined on input line 198.


LaTeX Warning: Reference `fig:pom2mod3' on page 24 undefined on input line 198.


A tikzpicture has been optimized away. Use '/tikz/external/optimize=false' to d
isable this.

LaTeX Warning: Reference `fig:mod3' on page 25 undefined on input line 213.


LaTeX Warning: Reference `fig:mod6' on page 25 undefined on input line 213.


LaTeX Warning: Reference `fig:mod6' on page 25 undefined on input line 213.

A tikzpicture has been optimized away. Use '/tikz/external/optimize=false' to d
isable this.

LaTeX Warning: Reference `fig:pom2mod6' on page 25 undefined on input line 224.


A tikzpicture has been optimized away. Use '/tikz/external/optimize=false' to d
isable this.

LaTeX Warning: Reference `fig:mod7' on page 26 undefined on input line 242.


LaTeX Warning: Reference `fig:pom2mod7' on page 26 undefined on input line 242.



LaTeX Warning: Reference `fig:mod7' on page 26 undefined on input line 242.


LaTeX Warning: Reference `fig:mod7' on page 26 undefined on input line 242.


Package natbib Warning: Citation `taira2020' on page 26 undefined on input line
 242.

A tikzpicture has been optimized away. Use '/tikz/external/optimize=false' to d
isable this.

LaTeX Warning: Reference `fig:pom2mod7' on page 26 undefined on input line 255.



LaTeX Warning: Reference `fig:mod7' on page 27 undefined on input line 257.


LaTeX Warning: Reference `fig:pom2mod7' on page 27 undefined on input line 257.


A tikzpicture has been optimized away. Use '/tikz/external/optimize=false' to d
isable this.

LaTeX Warning: Reference `fig:pom1mod1' on page 27 undefined on input line 278.



LaTeX Warning: Reference `fig:pom1mod1' on page 27 undefined on input line 278.



LaTeX Warning: Reference `fig:3Dmod1' on page 27 undefined on input line 282.


LaTeX Warning: Reference `fig:3Dmod1' on page 27 undefined on input line 282.


LaTeX Warning: Reference `fig:pom1mod1' on page 27 undefined on input line 282.



LaTeX Warning: Reference `fig:3Dmod1' on page 27 undefined on input line 282.


LaTeX Warning: Reference `fig:3Dmod1' on page 28 undefined on input line 286.


LaTeX Warning: Reference `fig:3Dmod1' on page 28 undefined on input line 286.


LaTeX Warning: Reference `fig:appEtasLamInt' on page 28 undefined on input line
 286.

A tikzpicture has been optimized away. Use '/tikz/external/optimize=false' to d
isable this.

LaTeX Warning: Reference `fig:mod3' on page 28 undefined on input line 297.


LaTeX Warning: Reference `fig:mod3' on page 28 undefined on input line 297.


LaTeX Warning: Reference `fig:3Dmod3' on page 28 undefined on input line 300.


LaTeX Warning: Reference `fig:3Dmod3' on page 28 undefined on input line 300.


LaTeX Warning: Reference `fig:3Dmod3' on page 28 undefined on input line 300.

A tikzpicture has been optimized away. Use '/tikz/external/optimize=false' to d
isable this.

LaTeX Warning: Reference `fig:mod6' on page 29 undefined on input line 315.


LaTeX Warning: Reference `fig:mod6' on page 29 undefined on input line 315.


LaTeX Warning: Reference `fig:3Dmod6' on page 29 undefined on input line 318.


LaTeX Warning: Reference `fig:3Dmod6' on page 29 undefined on input line 318.


LaTeX Warning: Reference `fig:3Dmod1' on page 30 undefined on input line 320.


LaTeX Warning: Reference `fig:3Dmod6' on page 30 undefined on input line 320.

A tikzpicture has been optimized away. Use '/tikz/external/optimize=false' to d
isable this.

LaTeX Warning: Reference `fig:mod7' on page 30 undefined on input line 333.


LaTeX Warning: Reference `fig:mod7' on page 30 undefined on input line 333.


LaTeX Warning: Reference `fig:3Dmod7' on page 30 undefined on input line 336.


LaTeX Warning: Reference `fig:3Dmod7' on page 30 undefined on input line 336.


LaTeX Warning: Reference `fig:3Dmod7' on page 30 undefined on input line 336.


LaTeX Warning: Reference `fig:mod7' on page 30 undefined on input line 336.


LaTeX Warning: Reference `fig:lamVKStreetSpectra' on page 31 undefined on input
 line 341.


LaTeX Warning: Reference `fig:appEtasLam' on page 31 undefined on input line 34
1.


LaTeX Warning: Reference `fig:appEtasLamInt' on page 31 undefined on input line
 341.


LaTeX Warning: Reference `app:fourier' on page 31 undefined on input line 341.

A tikzpicture has been optimized away. Use '/tikz/external/optimize=false' to d
isable this.

LaTeX Warning: Reference `fig:fullRec' on page 31 undefined on input line 357.


LaTeX Warning: Reference `fig:fullRec' on page 31 undefined on input line 357.

A tikzpicture has been optimized away. Use '/tikz/external/optimize=false' to d
isable this.

LaTeX Warning: Reference `fig:PoM1Rec' on page 32 undefined on input line 374.


LaTeX Warning: Reference `fig:PoM1Rec' on page 32 undefined on input line 376.


LaTeX Warning: Reference `fig:fullRec' on page 32 undefined on input line 378.


LaTeX Warning: Reference `fig:PoM1Rec' on page 32 undefined on input line 378.


Package natbib Warning: Citation `reiss2018' on page 32 undefined on input line
 378.


Package natbib Warning: Citation `reiss2021' on page 32 undefined on input line
 378.

A tikzpicture has been optimized away. Use '/tikz/external/optimize=false' to d
isable this.

LaTeX Warning: Reference `fig:fullRec' on page 33 undefined on input line 390.


LaTeX Warning: Reference `fig:RoIRec' on page 33 undefined on input line 390.


LaTeX Warning: Reference `fig:RoIRec' on page 33 undefined on input line 393.


LaTeX Warning: Reference `fig:pom2mod3' on page 33 undefined on input line 393.



Package natbib Warning: Citation `williamson1996' on page 33 undefined on input
 line 393.


Package natbib Warning: Citation `prasad1997' on page 33 undefined on input lin
e 393.


Package natbib Warning: Citation `prasad1997' on page 34 undefined on input lin
e 395.


Package natbib Warning: Citation `williamson1989' on page 34 undefined on input
 line 395.


LaTeX Warning: Reference `fig:RoIRec' on page 34 undefined on input line 397.


LaTeX Warning: Reference `fig:RoIRec' on page 34 undefined on input line 397.

) (./03_parts/99_conclusionsV2.tex)
Overfull \hbox (85.66727pt too wide) in paragraph at lines 255--257
\OT1/cmr/m/n/9 for Non-lin-ear Dy-namic Be-haviour of Ad-vanced Ma-te-ri-als in
 En-gi-neer-ing CZ.02.1.01/0.0/0.0/15[]003/0000493
 []

(./03_parts/AA_nomenclatureV1.tex
Overfull \hbox (10.46104pt too wide) in paragraph at lines 4--22
[][] 
 []

)
No file figures/main-figure3.bbl.
(./03_parts/BB_fourierAppV2.tex
Overfull \hbox (7.11078pt too wide) in paragraph at lines 1--1
[]\OT1/cmr/bx/n/10 On in-ter-pre-ta-tion of power spec-tra of POD mode chronos 

 []


LaTeX Warning: Reference `eq:chronosTopos' on page 37 undefined on input line 4
.


LaTeX Warning: Reference `fig:turbSpectraPts' on page 37 undefined on input lin
e 11.


LaTeX Warning: Reference `eq:continuousDiadPairs' on page 38 undefined on input
 line 13.


LaTeX Warning: Reference `eq:continuousDiadPairs' on page 38 undefined on input
 line 13.


LaTeX Warning: Reference `eq:continuousDiadPairs' on page 38 undefined on input
 line 23.


LaTeX Warning: Reference `eq:semiDiscDiadPairs' on page 38 undefined on input l
ine 28.


LaTeX Warning: Reference `eq:fourierLin' on page 38 undefined on input line 28.



LaTeX Warning: Reference `eq:svdY' on page 38 undefined on input line 33.

(./01_graphs/lamVKStreetSpectraV1.tex
A tikzpicture has been optimized away. Use '/tikz/external/optimize=false' to d
isable this.
)

LaTeX Warning: Reference `fig:meansPom1' on page 39 undefined on input line 41.



LaTeX Warning: Reference `fig:meansPom1' on page 39 undefined on input line 41.



Package natbib Warning: Citation `taira2020' on page 39 undefined on input line
 45.


Package natbib Warning: Citation `isoz2018' on page 39 undefined on input line 
45.


LaTeX Warning: Reference `fig:lamVKStreetSpectra' on page 39 undefined on input
 line 45.


LaTeX Warning: Reference `fig:lamVKStreetSpectra' on page 39 undefined on input
 line 47.


LaTeX Warning: Reference `fig:lamVKStreetSpectra' on page 39 undefined on input
 line 47.


LaTeX Warning: Reference `fig:turbSpectraPts' on page 39 undefined on input lin
e 47.

(./01_graphs/turbVKStreetSpectraV1.tex
A tikzpicture has been optimized away. Use '/tikz/external/optimize=false' to d
isable this.
)

LaTeX Warning: Reference `fig:meansPom1' on page 40 undefined on input line 55.



LaTeX Warning: Reference `fig:meansPom1' on page 40 undefined on input line 55.



LaTeX Warning: Reference `fig:turbVKStreetSpectra' on page 40 undefined on inpu
t line 58.


LaTeX Warning: Reference `fig:lamVKStreetSpectra' on page 40 undefined on input
 line 58.


LaTeX Warning: Reference `fig:turbSpectraPts' on page 40 undefined on input lin
e 58.

(./01_graphs/compEtasForAppV1.tex
A tikzpicture has been optimized away. Use '/tikz/external/optimize=false' to d
isable this.
)

LaTeX Warning: Reference `fig:appEtasLam' on page 41 undefined on input line 66
.


Package natbib Warning: Citation `williamson1996' on page 41 undefined on input
 line 66.


LaTeX Warning: Reference `fig:appEtasLam' on page 42 undefined on input line 68
.

(./01_graphs/compEtasIntCurvesForAppV1.tex
A tikzpicture has been optimized away. Use '/tikz/external/optimize=false' to d
isable this.
)

LaTeX Warning: Reference `fig:appEtasLamInt' on page 42 undefined on input line
 77.


LaTeX Warning: Reference `fig:appEtasLamInt' on page 42 undefined on input line
 77.


LaTeX Warning: Reference `fig:turbVKStreetSpectra' on page 42 undefined on inpu
t line 77.

)

Package natbib Warning: There were undefined citations.

Package atveryend Info: Empty hook `BeforeClearDocument' on input line 268.
Package atveryend Info: Empty hook `AfterLastShipout' on input line 268.
Package atveryend Info: Executing hook `AtVeryEndDocument' on input line 268.
Package atveryend Info: Empty hook `AtEndAfterFileList' on input line 268.

LaTeX Warning: There were undefined references.

Package atveryend Info: Empty hook `AtVeryVeryEnd' on input line 268.
 )
(\end occurred inside a group at level 4)

### simple group (level 4) entered at line 341 ({)
### simple group (level 3) entered at line 320 ({)
### simple group (level 2) entered at line 286 ({)
### simple group (level 1) entered at line 160 ({)
### bottom level 
Here is how much of TeX's memory you used:
 33113 strings out of 492982
 789192 string characters out of 6134896
 1010663 words of memory out of 5000000
 35992 multiletter control sequences out of 15000+600000
 15980 words of font info for 58 fonts, out of 8000000 for 9000
 1141 hyphenation exceptions out of 8191
 70i,16n,103p,1655b,2552s stack positions out of 5000i,500n,10000p,200000b,80000s
</usr/share/texlive/texmf-dist/fonts/type1/public/amsfonts/cm/c
mmi5.pfb></usr/share/texlive/texmf-dist/fonts/type1/public/amsfonts/cm/cmmi7.pf
b></usr/share/texlive/texmf-dist/fonts/type1/public/amsfonts/cmextra/cmmib7.pfb
></usr/share/texlive/texmf-dist/fonts/type1/public/amsfonts/cm/cmr5.pfb></usr/s
hare/texlive/texmf-dist/fonts/type1/public/amsfonts/cm/cmr7.pfb></usr/share/tex
live/texmf-dist/fonts/type1/public/amsfonts/cm/cmsy5.pfb></usr/share/texlive/te
xmf-dist/fonts/type1/public/amsfonts/cm/cmsy7.pfb>
Output written on figures/main-figure3.pdf (1 page, 142229 bytes).
PDF statistics:
 60 PDF objects out of 1000 (max. 8388607)
 37 compressed objects within 1 object stream
 2 named destinations out of 1000 (max. 500000)
 74 words of extra memory for PDF output out of 10000 (max. 10000000)

