This is pdfTeX, Version 3.14159265-2.6-1.40.18 (TeX Live 2017/Debian) (preloaded format=pdflatex 2020.10.5)  24 AUG 2022 14:30
entering extended mode
 \write18 enabled.
 file:line:error style messages enabled.
 %&-line parsing enabled.
**10_problemGeomAndExpSetupV3.tex
(./10_problemGeomAndExpSetupV3.tex
LaTeX2e <2017-04-15>
Babel <3.18> and hyphenation patterns for 84 language(s) loaded.
./10_problemGeomAndExpSetupV3.tex:1: Undefined control sequence.
l.1 \section
            {Problem geometry and experimental setup}
? 
./10_problemGeomAndExpSetupV3.tex:1: Emergency stop.
l.1 \section
            {Problem geometry and experimental setup}
End of file on the terminal!

 
Here is how much of TeX's memory you used:
 5 strings out of 492982
 214 string characters out of 6134896
 53918 words of memory out of 5000000
 3671 multiletter control sequences out of 15000+600000
 3640 words of font info for 14 fonts, out of 8000000 for 9000
 1141 hyphenation exceptions out of 8191
 5i,0n,1p,83b,8s stack positions out of 5000i,500n,10000p,200000b,80000s
./10_problemGeomAndExpSetupV3.tex:1:  ==> Fatal error occurred, no output PDF f
ile produced!
